ARM GAS  C:\Users\LOCALA~1\AppData\Local\Temp\ccP7klUj.s 			page 1


   1              		.syntax unified
   2              		.cpu cortex-m0
   3              		.fpu softvfp
   4              		.eabi_attribute 20, 1
   5              		.eabi_attribute 21, 1
   6              		.eabi_attribute 23, 3
   7              		.eabi_attribute 24, 1
   8              		.eabi_attribute 25, 1
   9              		.eabi_attribute 26, 1
  10              		.eabi_attribute 30, 1
  11              		.eabi_attribute 34, 0
  12              		.eabi_attribute 18, 4
  13              		.thumb
  14              		.syntax unified
  15              		.file	"cyfitter_cfg.c"
  16              		.text
  17              	.Ltext0:
  18              		.cfi_sections	.debug_frame
  19              		.section	.text.cfg_write_bytes32,"ax",%progbits
  20              		.align	2
  21              		.code	16
  22              		.thumb_func
  23              		.type	cfg_write_bytes32, %function
  24              	cfg_write_bytes32:
  25              	.LFB4:
  26              		.file 1 "Generated_Source\\PSoC4\\cyfitter_cfg.c"
   1:Generated_Source\PSoC4/cyfitter_cfg.c **** 
   2:Generated_Source\PSoC4/cyfitter_cfg.c **** /*******************************************************************************
   3:Generated_Source\PSoC4/cyfitter_cfg.c **** * File Name: cyfitter_cfg.c
   4:Generated_Source\PSoC4/cyfitter_cfg.c **** * 
   5:Generated_Source\PSoC4/cyfitter_cfg.c **** * PSoC Creator  4.3
   6:Generated_Source\PSoC4/cyfitter_cfg.c **** *
   7:Generated_Source\PSoC4/cyfitter_cfg.c **** * Description:
   8:Generated_Source\PSoC4/cyfitter_cfg.c **** * This file contains device initialization code.
   9:Generated_Source\PSoC4/cyfitter_cfg.c **** * Except for the user defined sections in CyClockStartupError(), this file should not be modified.
  10:Generated_Source\PSoC4/cyfitter_cfg.c **** * This file is automatically generated by PSoC Creator.
  11:Generated_Source\PSoC4/cyfitter_cfg.c **** *
  12:Generated_Source\PSoC4/cyfitter_cfg.c **** ********************************************************************************
  13:Generated_Source\PSoC4/cyfitter_cfg.c **** * Copyright (c) 2007-2019 Cypress Semiconductor.  All rights reserved.
  14:Generated_Source\PSoC4/cyfitter_cfg.c **** * You may use this file only in accordance with the license, terms, conditions, 
  15:Generated_Source\PSoC4/cyfitter_cfg.c **** * disclaimers, and limitations in the end user license agreement accompanying 
  16:Generated_Source\PSoC4/cyfitter_cfg.c **** * the software package with which this file was provided.
  17:Generated_Source\PSoC4/cyfitter_cfg.c **** ********************************************************************************/
  18:Generated_Source\PSoC4/cyfitter_cfg.c **** 
  19:Generated_Source\PSoC4/cyfitter_cfg.c **** #include <string.h>
  20:Generated_Source\PSoC4/cyfitter_cfg.c **** #include "cytypes.h"
  21:Generated_Source\PSoC4/cyfitter_cfg.c **** #include "cydevice_trm.h"
  22:Generated_Source\PSoC4/cyfitter_cfg.c **** #include "cyfitter.h"
  23:Generated_Source\PSoC4/cyfitter_cfg.c **** #include "CyLib.h"
  24:Generated_Source\PSoC4/cyfitter_cfg.c **** #include "CyLFClk.h"
  25:Generated_Source\PSoC4/cyfitter_cfg.c **** #include "cyfitter_cfg.h"
  26:Generated_Source\PSoC4/cyfitter_cfg.c **** #include "cyapicallbacks.h"
  27:Generated_Source\PSoC4/cyfitter_cfg.c **** 
  28:Generated_Source\PSoC4/cyfitter_cfg.c **** 
  29:Generated_Source\PSoC4/cyfitter_cfg.c **** #if defined(__GNUC__) || defined(__ARMCC_VERSION)
  30:Generated_Source\PSoC4/cyfitter_cfg.c ****     #define CYPACKED 
  31:Generated_Source\PSoC4/cyfitter_cfg.c ****     #define CYPACKED_ATTR __attribute__ ((packed))
ARM GAS  C:\Users\LOCALA~1\AppData\Local\Temp\ccP7klUj.s 			page 2


  32:Generated_Source\PSoC4/cyfitter_cfg.c ****     #define CYALIGNED __attribute__ ((aligned))
  33:Generated_Source\PSoC4/cyfitter_cfg.c ****     #define CY_CFG_UNUSED __attribute__ ((unused))
  34:Generated_Source\PSoC4/cyfitter_cfg.c ****     #ifndef CY_CFG_SECTION
  35:Generated_Source\PSoC4/cyfitter_cfg.c ****         #define CY_CFG_SECTION __attribute__ ((section(".psocinit")))
  36:Generated_Source\PSoC4/cyfitter_cfg.c ****     #endif
  37:Generated_Source\PSoC4/cyfitter_cfg.c ****     
  38:Generated_Source\PSoC4/cyfitter_cfg.c ****     #if defined(__ARMCC_VERSION)
  39:Generated_Source\PSoC4/cyfitter_cfg.c ****         #define CY_CFG_MEMORY_BARRIER() __memory_changed()
  40:Generated_Source\PSoC4/cyfitter_cfg.c ****     #else
  41:Generated_Source\PSoC4/cyfitter_cfg.c ****         #define CY_CFG_MEMORY_BARRIER() __sync_synchronize()
  42:Generated_Source\PSoC4/cyfitter_cfg.c ****     #endif
  43:Generated_Source\PSoC4/cyfitter_cfg.c ****     
  44:Generated_Source\PSoC4/cyfitter_cfg.c **** #elif defined(__ICCARM__)
  45:Generated_Source\PSoC4/cyfitter_cfg.c ****     #include <intrinsics.h>
  46:Generated_Source\PSoC4/cyfitter_cfg.c **** 
  47:Generated_Source\PSoC4/cyfitter_cfg.c ****     #define CYPACKED __packed
  48:Generated_Source\PSoC4/cyfitter_cfg.c ****     #define CYPACKED_ATTR 
  49:Generated_Source\PSoC4/cyfitter_cfg.c ****     #define CYALIGNED _Pragma("data_alignment=4")
  50:Generated_Source\PSoC4/cyfitter_cfg.c ****     #define CY_CFG_UNUSED _Pragma("diag_suppress=Pe177")
  51:Generated_Source\PSoC4/cyfitter_cfg.c ****     #define CY_CFG_SECTION _Pragma("location=\".psocinit\"")
  52:Generated_Source\PSoC4/cyfitter_cfg.c ****     
  53:Generated_Source\PSoC4/cyfitter_cfg.c ****     #define CY_CFG_MEMORY_BARRIER() __DMB()
  54:Generated_Source\PSoC4/cyfitter_cfg.c ****     
  55:Generated_Source\PSoC4/cyfitter_cfg.c **** #else
  56:Generated_Source\PSoC4/cyfitter_cfg.c ****     #error Unsupported toolchain
  57:Generated_Source\PSoC4/cyfitter_cfg.c **** #endif
  58:Generated_Source\PSoC4/cyfitter_cfg.c **** 
  59:Generated_Source\PSoC4/cyfitter_cfg.c **** #ifndef CYCODE
  60:Generated_Source\PSoC4/cyfitter_cfg.c ****     #define CYCODE
  61:Generated_Source\PSoC4/cyfitter_cfg.c **** #endif
  62:Generated_Source\PSoC4/cyfitter_cfg.c **** #ifndef CYDATA
  63:Generated_Source\PSoC4/cyfitter_cfg.c ****     #define CYDATA
  64:Generated_Source\PSoC4/cyfitter_cfg.c **** #endif
  65:Generated_Source\PSoC4/cyfitter_cfg.c **** #ifndef CYFAR
  66:Generated_Source\PSoC4/cyfitter_cfg.c ****     #define CYFAR
  67:Generated_Source\PSoC4/cyfitter_cfg.c **** #endif
  68:Generated_Source\PSoC4/cyfitter_cfg.c **** #ifndef CYXDATA
  69:Generated_Source\PSoC4/cyfitter_cfg.c ****     #define CYXDATA
  70:Generated_Source\PSoC4/cyfitter_cfg.c **** #endif
  71:Generated_Source\PSoC4/cyfitter_cfg.c **** 
  72:Generated_Source\PSoC4/cyfitter_cfg.c **** 
  73:Generated_Source\PSoC4/cyfitter_cfg.c **** CY_CFG_UNUSED
  74:Generated_Source\PSoC4/cyfitter_cfg.c **** static void CYMEMZERO(void *s, size_t n);
  75:Generated_Source\PSoC4/cyfitter_cfg.c **** CY_CFG_UNUSED
  76:Generated_Source\PSoC4/cyfitter_cfg.c **** static void CYMEMZERO(void *s, size_t n)
  77:Generated_Source\PSoC4/cyfitter_cfg.c **** {
  78:Generated_Source\PSoC4/cyfitter_cfg.c **** 	(void)memset(s, 0, n);
  79:Generated_Source\PSoC4/cyfitter_cfg.c **** }
  80:Generated_Source\PSoC4/cyfitter_cfg.c **** CY_CFG_UNUSED
  81:Generated_Source\PSoC4/cyfitter_cfg.c **** static void CYCONFIGCPY(void *dest, const void *src, size_t n);
  82:Generated_Source\PSoC4/cyfitter_cfg.c **** CY_CFG_UNUSED
  83:Generated_Source\PSoC4/cyfitter_cfg.c **** static void CYCONFIGCPY(void *dest, const void *src, size_t n)
  84:Generated_Source\PSoC4/cyfitter_cfg.c **** {
  85:Generated_Source\PSoC4/cyfitter_cfg.c **** 	(void)memcpy(dest, src, n);
  86:Generated_Source\PSoC4/cyfitter_cfg.c **** }
  87:Generated_Source\PSoC4/cyfitter_cfg.c **** CY_CFG_UNUSED
  88:Generated_Source\PSoC4/cyfitter_cfg.c **** static void CYCONFIGCPYCODE(void *dest, const void *src, size_t n);
ARM GAS  C:\Users\LOCALA~1\AppData\Local\Temp\ccP7klUj.s 			page 3


  89:Generated_Source\PSoC4/cyfitter_cfg.c **** CY_CFG_UNUSED
  90:Generated_Source\PSoC4/cyfitter_cfg.c **** static void CYCONFIGCPYCODE(void *dest, const void *src, size_t n)
  91:Generated_Source\PSoC4/cyfitter_cfg.c **** {
  92:Generated_Source\PSoC4/cyfitter_cfg.c **** 	(void)memcpy(dest, src, n);
  93:Generated_Source\PSoC4/cyfitter_cfg.c **** }
  94:Generated_Source\PSoC4/cyfitter_cfg.c **** 
  95:Generated_Source\PSoC4/cyfitter_cfg.c **** 
  96:Generated_Source\PSoC4/cyfitter_cfg.c **** 
  97:Generated_Source\PSoC4/cyfitter_cfg.c **** 
  98:Generated_Source\PSoC4/cyfitter_cfg.c **** /* Clock startup error codes                                                   */
  99:Generated_Source\PSoC4/cyfitter_cfg.c **** #define CYCLOCKSTART_NO_ERROR    0u
 100:Generated_Source\PSoC4/cyfitter_cfg.c **** #define CYCLOCKSTART_XTAL_ERROR  1u
 101:Generated_Source\PSoC4/cyfitter_cfg.c **** #define CYCLOCKSTART_32KHZ_ERROR 2u
 102:Generated_Source\PSoC4/cyfitter_cfg.c **** #define CYCLOCKSTART_PLL_ERROR   3u
 103:Generated_Source\PSoC4/cyfitter_cfg.c **** #define CYCLOCKSTART_FLL_ERROR   4u
 104:Generated_Source\PSoC4/cyfitter_cfg.c **** #define CYCLOCKSTART_WCO_ERROR   5u
 105:Generated_Source\PSoC4/cyfitter_cfg.c **** 
 106:Generated_Source\PSoC4/cyfitter_cfg.c **** 
 107:Generated_Source\PSoC4/cyfitter_cfg.c **** #ifdef CY_NEED_CYCLOCKSTARTUPERROR
 108:Generated_Source\PSoC4/cyfitter_cfg.c **** /*******************************************************************************
 109:Generated_Source\PSoC4/cyfitter_cfg.c **** * Function Name: CyClockStartupError
 110:Generated_Source\PSoC4/cyfitter_cfg.c **** ********************************************************************************
 111:Generated_Source\PSoC4/cyfitter_cfg.c **** * Summary:
 112:Generated_Source\PSoC4/cyfitter_cfg.c **** *  If an error is encountered during clock configuration (crystal startup error,
 113:Generated_Source\PSoC4/cyfitter_cfg.c **** *  PLL lock error, etc.), the system will end up here.  Unless reimplemented by
 114:Generated_Source\PSoC4/cyfitter_cfg.c **** *  the customer, this function will stop in an infinite loop.
 115:Generated_Source\PSoC4/cyfitter_cfg.c **** *
 116:Generated_Source\PSoC4/cyfitter_cfg.c **** * Parameters:
 117:Generated_Source\PSoC4/cyfitter_cfg.c **** *   void
 118:Generated_Source\PSoC4/cyfitter_cfg.c **** *
 119:Generated_Source\PSoC4/cyfitter_cfg.c **** * Return:
 120:Generated_Source\PSoC4/cyfitter_cfg.c **** *   void
 121:Generated_Source\PSoC4/cyfitter_cfg.c **** *
 122:Generated_Source\PSoC4/cyfitter_cfg.c **** *******************************************************************************/
 123:Generated_Source\PSoC4/cyfitter_cfg.c **** CY_CFG_UNUSED
 124:Generated_Source\PSoC4/cyfitter_cfg.c **** static void CyClockStartupError(uint8 errorCode);
 125:Generated_Source\PSoC4/cyfitter_cfg.c **** CY_CFG_UNUSED
 126:Generated_Source\PSoC4/cyfitter_cfg.c **** static void CyClockStartupError(uint8 errorCode)
 127:Generated_Source\PSoC4/cyfitter_cfg.c **** {
 128:Generated_Source\PSoC4/cyfitter_cfg.c ****     /* To remove the compiler warning if errorCode not used.                */
 129:Generated_Source\PSoC4/cyfitter_cfg.c ****     errorCode = errorCode;
 130:Generated_Source\PSoC4/cyfitter_cfg.c **** 
 131:Generated_Source\PSoC4/cyfitter_cfg.c ****     /* If we have a clock startup error (bad MHz crystal, PLL lock, etc.),  */
 132:Generated_Source\PSoC4/cyfitter_cfg.c ****     /* we will end up here to allow the customer to implement something to  */
 133:Generated_Source\PSoC4/cyfitter_cfg.c ****     /* deal with the clock condition.                                       */
 134:Generated_Source\PSoC4/cyfitter_cfg.c **** 
 135:Generated_Source\PSoC4/cyfitter_cfg.c **** #ifdef CY_CFG_CLOCK_STARTUP_ERROR_CALLBACK
 136:Generated_Source\PSoC4/cyfitter_cfg.c ****     CY_CFG_Clock_Startup_ErrorCallback();
 137:Generated_Source\PSoC4/cyfitter_cfg.c **** #else
 138:Generated_Source\PSoC4/cyfitter_cfg.c ****     /*  If not using CY_CFG_CLOCK_STARTUP_ERROR_CALLBACK, place your clock startup code here. */
 139:Generated_Source\PSoC4/cyfitter_cfg.c ****     /* `#START CyClockStartupError` */
 140:Generated_Source\PSoC4/cyfitter_cfg.c **** 
 141:Generated_Source\PSoC4/cyfitter_cfg.c **** 
 142:Generated_Source\PSoC4/cyfitter_cfg.c **** 
 143:Generated_Source\PSoC4/cyfitter_cfg.c ****     /* `#END` */
 144:Generated_Source\PSoC4/cyfitter_cfg.c **** 
 145:Generated_Source\PSoC4/cyfitter_cfg.c ****     while(1) {}
ARM GAS  C:\Users\LOCALA~1\AppData\Local\Temp\ccP7klUj.s 			page 4


 146:Generated_Source\PSoC4/cyfitter_cfg.c **** #endif /* CY_CFG_CLOCK_STARTUP_ERROR_CALLBACK */
 147:Generated_Source\PSoC4/cyfitter_cfg.c **** }
 148:Generated_Source\PSoC4/cyfitter_cfg.c **** #endif
 149:Generated_Source\PSoC4/cyfitter_cfg.c **** 
 150:Generated_Source\PSoC4/cyfitter_cfg.c **** #define CY_CFG_BASE_ADDR_COUNT 4u
 151:Generated_Source\PSoC4/cyfitter_cfg.c **** CYPACKED typedef struct
 152:Generated_Source\PSoC4/cyfitter_cfg.c **** {
 153:Generated_Source\PSoC4/cyfitter_cfg.c **** 	uint8 offset;
 154:Generated_Source\PSoC4/cyfitter_cfg.c **** 	uint8 value;
 155:Generated_Source\PSoC4/cyfitter_cfg.c **** } CYPACKED_ATTR cy_cfg_addrvalue_t;
 156:Generated_Source\PSoC4/cyfitter_cfg.c **** 
 157:Generated_Source\PSoC4/cyfitter_cfg.c **** 
 158:Generated_Source\PSoC4/cyfitter_cfg.c **** 
 159:Generated_Source\PSoC4/cyfitter_cfg.c **** /*******************************************************************************
 160:Generated_Source\PSoC4/cyfitter_cfg.c **** * Function Name: cfg_write_bytes32
 161:Generated_Source\PSoC4/cyfitter_cfg.c **** ********************************************************************************
 162:Generated_Source\PSoC4/cyfitter_cfg.c **** * Summary:
 163:Generated_Source\PSoC4/cyfitter_cfg.c **** *  This function is used for setting up the chip configuration areas that
 164:Generated_Source\PSoC4/cyfitter_cfg.c **** *  contain relatively sparse data.
 165:Generated_Source\PSoC4/cyfitter_cfg.c **** *
 166:Generated_Source\PSoC4/cyfitter_cfg.c **** * Parameters:
 167:Generated_Source\PSoC4/cyfitter_cfg.c **** *   void
 168:Generated_Source\PSoC4/cyfitter_cfg.c **** *
 169:Generated_Source\PSoC4/cyfitter_cfg.c **** * Return:
 170:Generated_Source\PSoC4/cyfitter_cfg.c **** *   void
 171:Generated_Source\PSoC4/cyfitter_cfg.c **** *
 172:Generated_Source\PSoC4/cyfitter_cfg.c **** *******************************************************************************/
 173:Generated_Source\PSoC4/cyfitter_cfg.c **** static void cfg_write_bytes32(const uint32 addr_table[], const cy_cfg_addrvalue_t data_table[]);
 174:Generated_Source\PSoC4/cyfitter_cfg.c **** static void cfg_write_bytes32(const uint32 addr_table[], const cy_cfg_addrvalue_t data_table[])
 175:Generated_Source\PSoC4/cyfitter_cfg.c **** {
  27              		.loc 1 175 0
  28              		.cfi_startproc
  29              		@ args = 0, pretend = 0, frame = 0
  30              		@ frame_needed = 0, uses_anonymous_args = 0
  31              	.LVL0:
  32 0000 F0B5     		push	{r4, r5, r6, r7, lr}
  33              		.cfi_def_cfa_offset 20
  34              		.cfi_offset 4, -20
  35              		.cfi_offset 5, -16
  36              		.cfi_offset 6, -12
  37              		.cfi_offset 7, -8
  38              		.cfi_offset 14, -4
  39              	.LVL1:
 176:Generated_Source\PSoC4/cyfitter_cfg.c **** 	/* For 32-bit little-endian architectures */
 177:Generated_Source\PSoC4/cyfitter_cfg.c **** 	uint32 i, j = 0u;
  40              		.loc 1 177 0
  41 0002 0025     		movs	r5, #0
 178:Generated_Source\PSoC4/cyfitter_cfg.c **** 	for (i = 0u; i < CY_CFG_BASE_ADDR_COUNT; i++)
  42              		.loc 1 178 0
  43 0004 0027     		movs	r7, #0
  44 0006 11E0     		b	.L2
  45              	.LVL2:
  46              	.L5:
  47              	.LBB2:
 179:Generated_Source\PSoC4/cyfitter_cfg.c **** 	{
 180:Generated_Source\PSoC4/cyfitter_cfg.c **** 		uint32 baseAddr = addr_table[i];
  48              		.loc 1 180 0
ARM GAS  C:\Users\LOCALA~1\AppData\Local\Temp\ccP7klUj.s 			page 5


  49 0008 BB00     		lsls	r3, r7, #2
  50 000a C658     		ldr	r6, [r0, r3]
  51              	.LVL3:
 181:Generated_Source\PSoC4/cyfitter_cfg.c **** 		uint8 count = (uint8)baseAddr;
  52              		.loc 1 181 0
  53 000c F3B2     		uxtb	r3, r6
  54              	.LVL4:
 182:Generated_Source\PSoC4/cyfitter_cfg.c **** 		baseAddr &= 0xFFFFFF00u;
  55              		.loc 1 182 0
  56 000e FF22     		movs	r2, #255
  57 0010 9643     		bics	r6, r2
  58              	.LVL5:
 183:Generated_Source\PSoC4/cyfitter_cfg.c **** 		while (count != 0u)
  59              		.loc 1 183 0
  60 0012 08E0     		b	.L3
  61              	.L4:
 184:Generated_Source\PSoC4/cyfitter_cfg.c **** 		{
 185:Generated_Source\PSoC4/cyfitter_cfg.c **** 			CY_SET_REG8((void *)(baseAddr + data_table[j].offset), data_table[j].value);
  62              		.loc 1 185 0
  63 0014 6A00     		lsls	r2, r5, #1
  64 0016 8A18     		adds	r2, r1, r2
  65 0018 1478     		ldrb	r4, [r2]
  66 001a A419     		adds	r4, r4, r6
  67 001c 5278     		ldrb	r2, [r2, #1]
  68 001e 2270     		strb	r2, [r4]
 186:Generated_Source\PSoC4/cyfitter_cfg.c **** 			j++;
  69              		.loc 1 186 0
  70 0020 0135     		adds	r5, r5, #1
  71              	.LVL6:
 187:Generated_Source\PSoC4/cyfitter_cfg.c **** 			count--;
  72              		.loc 1 187 0
  73 0022 013B     		subs	r3, r3, #1
  74              	.LVL7:
  75 0024 DBB2     		uxtb	r3, r3
  76              	.LVL8:
  77              	.L3:
 183:Generated_Source\PSoC4/cyfitter_cfg.c **** 		{
  78              		.loc 1 183 0
  79 0026 002B     		cmp	r3, #0
  80 0028 F4D1     		bne	.L4
  81              	.LBE2:
 178:Generated_Source\PSoC4/cyfitter_cfg.c **** 	{
  82              		.loc 1 178 0 discriminator 2
  83 002a 0137     		adds	r7, r7, #1
  84              	.LVL9:
  85              	.L2:
 178:Generated_Source\PSoC4/cyfitter_cfg.c **** 	{
  86              		.loc 1 178 0 is_stmt 0 discriminator 1
  87 002c 032F     		cmp	r7, #3
  88 002e EBD9     		bls	.L5
 188:Generated_Source\PSoC4/cyfitter_cfg.c **** 		}
 189:Generated_Source\PSoC4/cyfitter_cfg.c **** 	}
 190:Generated_Source\PSoC4/cyfitter_cfg.c **** }
  89              		.loc 1 190 0 is_stmt 1
  90              		@ sp needed
  91              	.LVL10:
  92              	.LVL11:
ARM GAS  C:\Users\LOCALA~1\AppData\Local\Temp\ccP7klUj.s 			page 6


  93 0030 F0BD     		pop	{r4, r5, r6, r7, pc}
  94              		.cfi_endproc
  95              	.LFE4:
  96              		.size	cfg_write_bytes32, .-cfg_write_bytes32
  97 0032 C046     		.section	.text.AnalogSetDefault,"ax",%progbits
  98              		.align	2
  99              		.code	16
 100              		.thumb_func
 101              		.type	AnalogSetDefault, %function
 102              	AnalogSetDefault:
 103              	.LFB6:
 191:Generated_Source\PSoC4/cyfitter_cfg.c **** 
 192:Generated_Source\PSoC4/cyfitter_cfg.c **** 
 193:Generated_Source\PSoC4/cyfitter_cfg.c **** /*******************************************************************************
 194:Generated_Source\PSoC4/cyfitter_cfg.c **** * Function Name: ClockSetup
 195:Generated_Source\PSoC4/cyfitter_cfg.c **** ********************************************************************************
 196:Generated_Source\PSoC4/cyfitter_cfg.c **** *
 197:Generated_Source\PSoC4/cyfitter_cfg.c **** * Summary:
 198:Generated_Source\PSoC4/cyfitter_cfg.c **** *   Performs the initialization of all of the clocks in the device based on the
 199:Generated_Source\PSoC4/cyfitter_cfg.c **** *   settings in the Clock tab of the DWR.  This includes enabling the requested
 200:Generated_Source\PSoC4/cyfitter_cfg.c **** *   clocks and setting the necessary dividers to produce the desired frequency. 
 201:Generated_Source\PSoC4/cyfitter_cfg.c **** *
 202:Generated_Source\PSoC4/cyfitter_cfg.c **** * Parameters:
 203:Generated_Source\PSoC4/cyfitter_cfg.c **** *   void
 204:Generated_Source\PSoC4/cyfitter_cfg.c **** *
 205:Generated_Source\PSoC4/cyfitter_cfg.c **** * Return:
 206:Generated_Source\PSoC4/cyfitter_cfg.c **** *   void
 207:Generated_Source\PSoC4/cyfitter_cfg.c **** *
 208:Generated_Source\PSoC4/cyfitter_cfg.c **** *******************************************************************************/
 209:Generated_Source\PSoC4/cyfitter_cfg.c **** static void ClockSetup(void);
 210:Generated_Source\PSoC4/cyfitter_cfg.c **** CY_CFG_SECTION
 211:Generated_Source\PSoC4/cyfitter_cfg.c **** static void ClockSetup(void)
 212:Generated_Source\PSoC4/cyfitter_cfg.c **** {
 213:Generated_Source\PSoC4/cyfitter_cfg.c **** 
 214:Generated_Source\PSoC4/cyfitter_cfg.c **** 	/* Set Flash Cycles based on max possible frequency in case a glitch occurs during ClockSetup(). *
 215:Generated_Source\PSoC4/cyfitter_cfg.c **** 	CY_SET_REG32((void CYXDATA *)(CYREG_CPUSS_FLASH_CTL), (0x0012u));
 216:Generated_Source\PSoC4/cyfitter_cfg.c **** 	/* Setup and trim IMO based on desired frequency. */
 217:Generated_Source\PSoC4/cyfitter_cfg.c **** 	CySysClkWriteImoFreq(48u);
 218:Generated_Source\PSoC4/cyfitter_cfg.c **** 	/* CYDEV_CLK_ILO_CONFIG Starting address: CYDEV_CLK_ILO_CONFIG */
 219:Generated_Source\PSoC4/cyfitter_cfg.c **** 	CY_SET_REG32((void *)(CYREG_CLK_ILO_CONFIG), 0x80000006u);
 220:Generated_Source\PSoC4/cyfitter_cfg.c **** 
 221:Generated_Source\PSoC4/cyfitter_cfg.c **** 
 222:Generated_Source\PSoC4/cyfitter_cfg.c **** 	/* Setup phase aligned clocks */
 223:Generated_Source\PSoC4/cyfitter_cfg.c **** 	CY_SET_REG32((void *)CYREG_PERI_DIV_16_CTL0, 0x00000100u);
 224:Generated_Source\PSoC4/cyfitter_cfg.c **** 	CY_SET_REG32((void *)CYREG_PERI_DIV_CMD, 0x8000FF40u);
 225:Generated_Source\PSoC4/cyfitter_cfg.c **** 	CY_SET_REG32((void *)CYREG_PERI_DIV_16_CTL2, 0x00002F00u);
 226:Generated_Source\PSoC4/cyfitter_cfg.c **** 	CY_SET_REG32((void *)CYREG_PERI_DIV_CMD, 0x8000FF42u);
 227:Generated_Source\PSoC4/cyfitter_cfg.c **** 	CY_SET_REG32((void *)CYREG_PERI_DIV_16_CTL1, 0x00002200u);
 228:Generated_Source\PSoC4/cyfitter_cfg.c **** 	CY_SET_REG32((void *)CYREG_PERI_DIV_CMD, 0x8000FF41u);
 229:Generated_Source\PSoC4/cyfitter_cfg.c **** 
 230:Generated_Source\PSoC4/cyfitter_cfg.c **** 	/* CYDEV_CLK_IMO_CONFIG Starting address: CYDEV_CLK_IMO_CONFIG */
 231:Generated_Source\PSoC4/cyfitter_cfg.c **** 	CY_SET_REG32((void *)(CYREG_CLK_IMO_CONFIG), 0x80000000u);
 232:Generated_Source\PSoC4/cyfitter_cfg.c **** 
 233:Generated_Source\PSoC4/cyfitter_cfg.c **** 	/* CYDEV_CLK_SELECT Starting address: CYDEV_CLK_SELECT */
 234:Generated_Source\PSoC4/cyfitter_cfg.c **** 	CY_SET_REG32((void *)(CYREG_CLK_SELECT), 0x00040000u);
 235:Generated_Source\PSoC4/cyfitter_cfg.c **** 
 236:Generated_Source\PSoC4/cyfitter_cfg.c **** 	/* CYDEV_PERI_PCLK_CTL11 Starting address: CYDEV_PERI_PCLK_CTL11 */
ARM GAS  C:\Users\LOCALA~1\AppData\Local\Temp\ccP7klUj.s 			page 7


 237:Generated_Source\PSoC4/cyfitter_cfg.c **** 	CY_SET_REG32((void *)(CYREG_PERI_PCLK_CTL11), 0x00000042u);
 238:Generated_Source\PSoC4/cyfitter_cfg.c **** 
 239:Generated_Source\PSoC4/cyfitter_cfg.c **** 	/* CYDEV_PERI_PCLK_CTL5 Starting address: CYDEV_PERI_PCLK_CTL5 */
 240:Generated_Source\PSoC4/cyfitter_cfg.c **** 	CY_SET_REG32((void *)(CYREG_PERI_PCLK_CTL5), 0x00000041u);
 241:Generated_Source\PSoC4/cyfitter_cfg.c **** 
 242:Generated_Source\PSoC4/cyfitter_cfg.c **** 	(void)CyIntSetVector(7u, &CySysWdtIsr);
 243:Generated_Source\PSoC4/cyfitter_cfg.c **** 	CyIntEnable(7u);
 244:Generated_Source\PSoC4/cyfitter_cfg.c **** 	CY_SET_REG32((void *)(CYREG_WDT_CONFIG), 0x00000000u);
 245:Generated_Source\PSoC4/cyfitter_cfg.c **** }
 246:Generated_Source\PSoC4/cyfitter_cfg.c **** 
 247:Generated_Source\PSoC4/cyfitter_cfg.c **** 
 248:Generated_Source\PSoC4/cyfitter_cfg.c **** /* Analog API Functions */
 249:Generated_Source\PSoC4/cyfitter_cfg.c **** 
 250:Generated_Source\PSoC4/cyfitter_cfg.c **** 
 251:Generated_Source\PSoC4/cyfitter_cfg.c **** /*******************************************************************************
 252:Generated_Source\PSoC4/cyfitter_cfg.c **** * Function Name: AnalogSetDefault
 253:Generated_Source\PSoC4/cyfitter_cfg.c **** ********************************************************************************
 254:Generated_Source\PSoC4/cyfitter_cfg.c **** *
 255:Generated_Source\PSoC4/cyfitter_cfg.c **** * Summary:
 256:Generated_Source\PSoC4/cyfitter_cfg.c **** *  Sets up the analog portions of the chip to default values based on chip
 257:Generated_Source\PSoC4/cyfitter_cfg.c **** *  configuration options from the project.
 258:Generated_Source\PSoC4/cyfitter_cfg.c **** *
 259:Generated_Source\PSoC4/cyfitter_cfg.c **** * Parameters:
 260:Generated_Source\PSoC4/cyfitter_cfg.c **** *  void
 261:Generated_Source\PSoC4/cyfitter_cfg.c **** *
 262:Generated_Source\PSoC4/cyfitter_cfg.c **** * Return:
 263:Generated_Source\PSoC4/cyfitter_cfg.c **** *  void
 264:Generated_Source\PSoC4/cyfitter_cfg.c **** *
 265:Generated_Source\PSoC4/cyfitter_cfg.c **** *******************************************************************************/
 266:Generated_Source\PSoC4/cyfitter_cfg.c **** static void AnalogSetDefault(void);
 267:Generated_Source\PSoC4/cyfitter_cfg.c **** static void AnalogSetDefault(void)
 268:Generated_Source\PSoC4/cyfitter_cfg.c **** {
 104              		.loc 1 268 0
 105              		.cfi_startproc
 106              		@ args = 0, pretend = 0, frame = 0
 107              		@ frame_needed = 0, uses_anonymous_args = 0
 108              		@ link register save eliminated.
 269:Generated_Source\PSoC4/cyfitter_cfg.c **** 	CY_SET_XTND_REG32((void CYFAR *)CYREG_CTBM0_DFT_CTRL, 0x00000003u);
 109              		.loc 1 269 0
 110 0000 0323     		movs	r3, #3
 111 0002 044A     		ldr	r2, .L7
 112 0004 1360     		str	r3, [r2]
 270:Generated_Source\PSoC4/cyfitter_cfg.c **** 	CY_SET_XTND_REG32((void CYFAR *)CYREG_CTBM1_DFT_CTRL, 0x00000003u);
 113              		.loc 1 270 0
 114 0006 044A     		ldr	r2, .L7+4
 115 0008 1360     		str	r3, [r2]
 271:Generated_Source\PSoC4/cyfitter_cfg.c **** 	CY_SET_XTND_REG32((void CYFAR *)CYREG_PASS_DSAB_DSAB_CTRL, 0x00000000u);
 116              		.loc 1 271 0
 117 000a 0022     		movs	r2, #0
 118 000c 034B     		ldr	r3, .L7+8
 119 000e 1A60     		str	r2, [r3]
 272:Generated_Source\PSoC4/cyfitter_cfg.c **** }
 120              		.loc 1 272 0
 121              		@ sp needed
 122 0010 7047     		bx	lr
 123              	.L8:
 124 0012 C046     		.align	2
ARM GAS  C:\Users\LOCALA~1\AppData\Local\Temp\ccP7klUj.s 			page 8


 125              	.L7:
 126 0014 30003040 		.word	1076887600
 127 0018 30003140 		.word	1076953136
 128 001c 000E3F40 		.word	1077874176
 129              		.cfi_endproc
 130              	.LFE6:
 131              		.size	AnalogSetDefault, .-AnalogSetDefault
 132              		.section	.text.CYMEMZERO,"ax",%progbits
 133              		.align	2
 134              		.code	16
 135              		.thumb_func
 136              		.type	CYMEMZERO, %function
 137              	CYMEMZERO:
 138              	.LFB1:
  77:Generated_Source\PSoC4/cyfitter_cfg.c **** 	(void)memset(s, 0, n);
 139              		.loc 1 77 0
 140              		.cfi_startproc
 141              		@ args = 0, pretend = 0, frame = 0
 142              		@ frame_needed = 0, uses_anonymous_args = 0
 143              	.LVL12:
 144 0000 10B5     		push	{r4, lr}
 145              		.cfi_def_cfa_offset 8
 146              		.cfi_offset 4, -8
 147              		.cfi_offset 14, -4
 148 0002 0A00     		movs	r2, r1
  78:Generated_Source\PSoC4/cyfitter_cfg.c **** }
 149              		.loc 1 78 0
 150 0004 0021     		movs	r1, #0
 151              	.LVL13:
 152 0006 FFF7FEFF 		bl	memset
 153              	.LVL14:
  79:Generated_Source\PSoC4/cyfitter_cfg.c **** CY_CFG_UNUSED
 154              		.loc 1 79 0
 155              		@ sp needed
 156 000a 10BD     		pop	{r4, pc}
 157              		.cfi_endproc
 158              	.LFE1:
 159              		.size	CYMEMZERO, .-CYMEMZERO
 160              		.section	.psocinit,"ax",%progbits
 161              		.align	2
 162              		.code	16
 163              		.thumb_func
 164              		.type	ClockSetup, %function
 165              	ClockSetup:
 166              	.LFB5:
 212:Generated_Source\PSoC4/cyfitter_cfg.c **** 
 167              		.loc 1 212 0
 168              		.cfi_startproc
 169              		@ args = 0, pretend = 0, frame = 0
 170              		@ frame_needed = 0, uses_anonymous_args = 0
 171 0000 10B5     		push	{r4, lr}
 172              		.cfi_def_cfa_offset 8
 173              		.cfi_offset 4, -8
 174              		.cfi_offset 14, -4
 215:Generated_Source\PSoC4/cyfitter_cfg.c **** 	/* Setup and trim IMO based on desired frequency. */
 175              		.loc 1 215 0
 176 0002 1222     		movs	r2, #18
ARM GAS  C:\Users\LOCALA~1\AppData\Local\Temp\ccP7klUj.s 			page 9


 177 0004 194B     		ldr	r3, .L11
 178 0006 1A60     		str	r2, [r3]
 217:Generated_Source\PSoC4/cyfitter_cfg.c **** 	/* CYDEV_CLK_ILO_CONFIG Starting address: CYDEV_CLK_ILO_CONFIG */
 179              		.loc 1 217 0
 180 0008 3020     		movs	r0, #48
 181 000a FFF7FEFF 		bl	CySysClkWriteImoFreq
 182              	.LVL15:
 219:Generated_Source\PSoC4/cyfitter_cfg.c **** 
 183              		.loc 1 219 0
 184 000e 184A     		ldr	r2, .L11+4
 185 0010 184B     		ldr	r3, .L11+8
 186 0012 1A60     		str	r2, [r3]
 223:Generated_Source\PSoC4/cyfitter_cfg.c **** 	CY_SET_REG32((void *)CYREG_PERI_DIV_CMD, 0x8000FF40u);
 187              		.loc 1 223 0
 188 0014 8022     		movs	r2, #128
 189 0016 5200     		lsls	r2, r2, #1
 190 0018 174B     		ldr	r3, .L11+12
 191 001a 1A60     		str	r2, [r3]
 224:Generated_Source\PSoC4/cyfitter_cfg.c **** 	CY_SET_REG32((void *)CYREG_PERI_DIV_16_CTL2, 0x00002F00u);
 192              		.loc 1 224 0
 193 001c 174B     		ldr	r3, .L11+16
 194 001e 184A     		ldr	r2, .L11+20
 195 0020 1A60     		str	r2, [r3]
 225:Generated_Source\PSoC4/cyfitter_cfg.c **** 	CY_SET_REG32((void *)CYREG_PERI_DIV_CMD, 0x8000FF42u);
 196              		.loc 1 225 0
 197 0022 BC21     		movs	r1, #188
 198 0024 8901     		lsls	r1, r1, #6
 199 0026 174A     		ldr	r2, .L11+24
 200 0028 1160     		str	r1, [r2]
 226:Generated_Source\PSoC4/cyfitter_cfg.c **** 	CY_SET_REG32((void *)CYREG_PERI_DIV_16_CTL1, 0x00002200u);
 201              		.loc 1 226 0
 202 002a 174A     		ldr	r2, .L11+28
 203 002c 1A60     		str	r2, [r3]
 227:Generated_Source\PSoC4/cyfitter_cfg.c **** 	CY_SET_REG32((void *)CYREG_PERI_DIV_CMD, 0x8000FF41u);
 204              		.loc 1 227 0
 205 002e 8821     		movs	r1, #136
 206 0030 8901     		lsls	r1, r1, #6
 207 0032 164A     		ldr	r2, .L11+32
 208 0034 1160     		str	r1, [r2]
 228:Generated_Source\PSoC4/cyfitter_cfg.c **** 
 209              		.loc 1 228 0
 210 0036 164A     		ldr	r2, .L11+36
 211 0038 1A60     		str	r2, [r3]
 231:Generated_Source\PSoC4/cyfitter_cfg.c **** 
 212              		.loc 1 231 0
 213 003a 8022     		movs	r2, #128
 214 003c 1206     		lsls	r2, r2, #24
 215 003e 154B     		ldr	r3, .L11+40
 216 0040 1A60     		str	r2, [r3]
 234:Generated_Source\PSoC4/cyfitter_cfg.c **** 
 217              		.loc 1 234 0
 218 0042 8022     		movs	r2, #128
 219 0044 D202     		lsls	r2, r2, #11
 220 0046 144B     		ldr	r3, .L11+44
 221 0048 1A60     		str	r2, [r3]
 237:Generated_Source\PSoC4/cyfitter_cfg.c **** 
 222              		.loc 1 237 0
ARM GAS  C:\Users\LOCALA~1\AppData\Local\Temp\ccP7klUj.s 			page 10


 223 004a 4222     		movs	r2, #66
 224 004c 134B     		ldr	r3, .L11+48
 225 004e 1A60     		str	r2, [r3]
 240:Generated_Source\PSoC4/cyfitter_cfg.c **** 
 226              		.loc 1 240 0
 227 0050 013A     		subs	r2, r2, #1
 228 0052 134B     		ldr	r3, .L11+52
 229 0054 1A60     		str	r2, [r3]
 242:Generated_Source\PSoC4/cyfitter_cfg.c **** 	CyIntEnable(7u);
 230              		.loc 1 242 0
 231 0056 1349     		ldr	r1, .L11+56
 232 0058 0720     		movs	r0, #7
 233 005a FFF7FEFF 		bl	CyIntSetVector
 234              	.LVL16:
 243:Generated_Source\PSoC4/cyfitter_cfg.c **** 	CY_SET_REG32((void *)(CYREG_WDT_CONFIG), 0x00000000u);
 235              		.loc 1 243 0
 236 005e 0720     		movs	r0, #7
 237 0060 FFF7FEFF 		bl	CyIntEnable
 238              	.LVL17:
 244:Generated_Source\PSoC4/cyfitter_cfg.c **** }
 239              		.loc 1 244 0
 240 0064 0022     		movs	r2, #0
 241 0066 104B     		ldr	r3, .L11+60
 242 0068 1A60     		str	r2, [r3]
 245:Generated_Source\PSoC4/cyfitter_cfg.c **** 
 243              		.loc 1 245 0
 244              		@ sp needed
 245 006a 10BD     		pop	{r4, pc}
 246              	.L12:
 247              		.align	2
 248              	.L11:
 249 006c 30001040 		.word	1074790448
 250 0070 06000080 		.word	-2147483642
 251 0074 04010B40 		.word	1074462980
 252 0078 00030140 		.word	1073808128
 253 007c 00000140 		.word	1073807360
 254 0080 40FF0080 		.word	-2147418304
 255 0084 08030140 		.word	1073808136
 256 0088 42FF0080 		.word	-2147418302
 257 008c 04030140 		.word	1073808132
 258 0090 41FF0080 		.word	-2147418303
 259 0094 08010B40 		.word	1074462984
 260 0098 00010B40 		.word	1074462976
 261 009c 2C010140 		.word	1073807660
 262 00a0 14010140 		.word	1073807636
 263 00a4 00000000 		.word	CySysWdtIsr
 264 00a8 0C020B40 		.word	1074463244
 265              		.cfi_endproc
 266              	.LFE5:
 267              		.size	ClockSetup, .-ClockSetup
 268              		.align	2
 269              		.global	cyfitter_cfg
 270              		.code	16
 271              		.thumb_func
 272              		.type	cyfitter_cfg, %function
 273              	cyfitter_cfg:
 274              	.LFB7:
ARM GAS  C:\Users\LOCALA~1\AppData\Local\Temp\ccP7klUj.s 			page 11


 273:Generated_Source\PSoC4/cyfitter_cfg.c **** 
 274:Generated_Source\PSoC4/cyfitter_cfg.c **** 
 275:Generated_Source\PSoC4/cyfitter_cfg.c **** 
 276:Generated_Source\PSoC4/cyfitter_cfg.c **** 
 277:Generated_Source\PSoC4/cyfitter_cfg.c **** /*******************************************************************************
 278:Generated_Source\PSoC4/cyfitter_cfg.c **** * Function Name: cyfitter_cfg
 279:Generated_Source\PSoC4/cyfitter_cfg.c **** ********************************************************************************
 280:Generated_Source\PSoC4/cyfitter_cfg.c **** * Summary:
 281:Generated_Source\PSoC4/cyfitter_cfg.c **** *  This function is called by the start-up code for the selected device. It
 282:Generated_Source\PSoC4/cyfitter_cfg.c **** *  performs all of the necessary device configuration based on the design
 283:Generated_Source\PSoC4/cyfitter_cfg.c **** *  settings.  This includes settings from the Design Wide Resources (DWR) such
 284:Generated_Source\PSoC4/cyfitter_cfg.c **** *  as Clocks and Pins as well as any component configuration that is necessary.
 285:Generated_Source\PSoC4/cyfitter_cfg.c **** *
 286:Generated_Source\PSoC4/cyfitter_cfg.c **** * Parameters:
 287:Generated_Source\PSoC4/cyfitter_cfg.c **** *   void
 288:Generated_Source\PSoC4/cyfitter_cfg.c **** *
 289:Generated_Source\PSoC4/cyfitter_cfg.c **** * Return:
 290:Generated_Source\PSoC4/cyfitter_cfg.c **** *   void
 291:Generated_Source\PSoC4/cyfitter_cfg.c **** *
 292:Generated_Source\PSoC4/cyfitter_cfg.c **** *******************************************************************************/
 293:Generated_Source\PSoC4/cyfitter_cfg.c **** CY_CFG_SECTION
 294:Generated_Source\PSoC4/cyfitter_cfg.c **** void cyfitter_cfg(void)
 295:Generated_Source\PSoC4/cyfitter_cfg.c **** {
 275              		.loc 1 295 0
 276              		.cfi_startproc
 277              		@ args = 0, pretend = 0, frame = 0
 278              		@ frame_needed = 0, uses_anonymous_args = 0
 279 00ac 10B5     		push	{r4, lr}
 280              		.cfi_def_cfa_offset 8
 281              		.cfi_offset 4, -8
 282              		.cfi_offset 14, -4
 296:Generated_Source\PSoC4/cyfitter_cfg.c **** 	/* Disable interrupts by default. Let user enable if/when they want. */
 297:Generated_Source\PSoC4/cyfitter_cfg.c **** 	CyGlobalIntDisable;
 283              		.loc 1 297 0
 284              		.syntax divided
 285              	@ 297 "Generated_Source\PSoC4\cyfitter_cfg.c" 1
 286 00ae 72B6     		CPSID   i
 287              	@ 0 "" 2
 288              	.LVL18:
 289              		.thumb
 290              		.syntax unified
 291              	.LBB3:
 298:Generated_Source\PSoC4/cyfitter_cfg.c **** 
 299:Generated_Source\PSoC4/cyfitter_cfg.c **** 	{
 300:Generated_Source\PSoC4/cyfitter_cfg.c **** 		static const uint32 CYCODE cy_cfg_addr_table[] = {
 301:Generated_Source\PSoC4/cyfitter_cfg.c **** 			0x400F3301u, /* Base address: 0x400F3300 Count: 1 */
 302:Generated_Source\PSoC4/cyfitter_cfg.c **** 			0x400F4004u, /* Base address: 0x400F4000 Count: 4 */
 303:Generated_Source\PSoC4/cyfitter_cfg.c **** 			0x400F4105u, /* Base address: 0x400F4100 Count: 5 */
 304:Generated_Source\PSoC4/cyfitter_cfg.c **** 			0x400F4304u, /* Base address: 0x400F4300 Count: 4 */
 305:Generated_Source\PSoC4/cyfitter_cfg.c **** 		};
 306:Generated_Source\PSoC4/cyfitter_cfg.c **** 
 307:Generated_Source\PSoC4/cyfitter_cfg.c **** 		static const cy_cfg_addrvalue_t CYCODE cy_cfg_data_table[] = {
 308:Generated_Source\PSoC4/cyfitter_cfg.c **** 			{0xE2u, 0x80u},
 309:Generated_Source\PSoC4/cyfitter_cfg.c **** 			{0x0Eu, 0x08u},
 310:Generated_Source\PSoC4/cyfitter_cfg.c **** 			{0x61u, 0x40u},
 311:Generated_Source\PSoC4/cyfitter_cfg.c **** 			{0xC2u, 0x80u},
 312:Generated_Source\PSoC4/cyfitter_cfg.c **** 			{0xD6u, 0x40u},
ARM GAS  C:\Users\LOCALA~1\AppData\Local\Temp\ccP7klUj.s 			page 12


 313:Generated_Source\PSoC4/cyfitter_cfg.c **** 			{0x4Au, 0x04u},
 314:Generated_Source\PSoC4/cyfitter_cfg.c **** 			{0x89u, 0x40u},
 315:Generated_Source\PSoC4/cyfitter_cfg.c **** 			{0x9Du, 0x40u},
 316:Generated_Source\PSoC4/cyfitter_cfg.c **** 			{0xA2u, 0x04u},
 317:Generated_Source\PSoC4/cyfitter_cfg.c **** 			{0xD2u, 0x10u},
 318:Generated_Source\PSoC4/cyfitter_cfg.c **** 			{0x19u, 0x08u},
 319:Generated_Source\PSoC4/cyfitter_cfg.c **** 			{0x89u, 0x08u},
 320:Generated_Source\PSoC4/cyfitter_cfg.c **** 			{0xC6u, 0x08u},
 321:Generated_Source\PSoC4/cyfitter_cfg.c **** 			{0xE2u, 0x01u},
 322:Generated_Source\PSoC4/cyfitter_cfg.c **** 		};
 323:Generated_Source\PSoC4/cyfitter_cfg.c **** 
 324:Generated_Source\PSoC4/cyfitter_cfg.c **** 
 325:Generated_Source\PSoC4/cyfitter_cfg.c **** 
 326:Generated_Source\PSoC4/cyfitter_cfg.c **** 		CYPACKED typedef struct {
 327:Generated_Source\PSoC4/cyfitter_cfg.c **** 			void CYFAR *address;
 328:Generated_Source\PSoC4/cyfitter_cfg.c **** 			uint16 size;
 329:Generated_Source\PSoC4/cyfitter_cfg.c **** 		} CYPACKED_ATTR cfg_memset_t;
 330:Generated_Source\PSoC4/cyfitter_cfg.c **** 
 331:Generated_Source\PSoC4/cyfitter_cfg.c **** 		static const cfg_memset_t CYCODE cfg_memset_list[] = {
 332:Generated_Source\PSoC4/cyfitter_cfg.c **** 			/* address, size */
 333:Generated_Source\PSoC4/cyfitter_cfg.c **** 			{(void CYFAR *)(CYDEV_UDB_P0_U0_BASE), 1024u},
 334:Generated_Source\PSoC4/cyfitter_cfg.c **** 			{(void CYFAR *)(CYDEV_UDB_DSI0_BASE), 1024u},
 335:Generated_Source\PSoC4/cyfitter_cfg.c **** 		};
 336:Generated_Source\PSoC4/cyfitter_cfg.c **** 
 337:Generated_Source\PSoC4/cyfitter_cfg.c **** 		uint8 CYDATA i;
 338:Generated_Source\PSoC4/cyfitter_cfg.c **** 
 339:Generated_Source\PSoC4/cyfitter_cfg.c **** 		/* Zero out critical memory blocks before beginning configuration */
 340:Generated_Source\PSoC4/cyfitter_cfg.c **** 		for (i = 0u; i < (sizeof(cfg_memset_list)/sizeof(cfg_memset_list[0])); i++)
 292              		.loc 1 340 0
 293 00b0 0024     		movs	r4, #0
 294 00b2 0FE0     		b	.L14
 295              	.LVL19:
 296              	.L15:
 297              	.LBB4:
 341:Generated_Source\PSoC4/cyfitter_cfg.c **** 		{
 342:Generated_Source\PSoC4/cyfitter_cfg.c **** 			const cfg_memset_t CYCODE * CYDATA ms = &cfg_memset_list[i];
 343:Generated_Source\PSoC4/cyfitter_cfg.c **** 			CYMEMZERO(ms->address, (size_t)(uint32)(ms->size));
 298              		.loc 1 343 0 discriminator 3
 299 00b4 2648     		ldr	r0, .L16
 300 00b6 6200     		lsls	r2, r4, #1
 301 00b8 1319     		adds	r3, r2, r4
 302 00ba 5900     		lsls	r1, r3, #1
 303 00bc 0B00     		movs	r3, r1
 304 00be 4118     		adds	r1, r0, r1
 305 00c0 8988     		ldrh	r1, [r1, #4]
 306 00c2 1A5A     		ldrh	r2, [r3, r0]
 307 00c4 C318     		adds	r3, r0, r3
 308 00c6 5888     		ldrh	r0, [r3, #2]
 309 00c8 0004     		lsls	r0, r0, #16
 310 00ca 1043     		orrs	r0, r2
 311 00cc FFF7FEFF 		bl	CYMEMZERO
 312              	.LVL20:
 313              	.LBE4:
 340:Generated_Source\PSoC4/cyfitter_cfg.c **** 		{
 314              		.loc 1 340 0 discriminator 3
 315 00d0 0134     		adds	r4, r4, #1
 316              	.LVL21:
ARM GAS  C:\Users\LOCALA~1\AppData\Local\Temp\ccP7klUj.s 			page 13


 317 00d2 E4B2     		uxtb	r4, r4
 318              	.LVL22:
 319              	.L14:
 340:Generated_Source\PSoC4/cyfitter_cfg.c **** 		{
 320              		.loc 1 340 0 is_stmt 0 discriminator 1
 321 00d4 012C     		cmp	r4, #1
 322 00d6 EDD9     		bls	.L15
 344:Generated_Source\PSoC4/cyfitter_cfg.c **** 		}
 345:Generated_Source\PSoC4/cyfitter_cfg.c **** 
 346:Generated_Source\PSoC4/cyfitter_cfg.c **** 		cfg_write_bytes32(cy_cfg_addr_table, cy_cfg_data_table);
 323              		.loc 1 346 0 is_stmt 1
 324 00d8 1D48     		ldr	r0, .L16
 325 00da 0100     		movs	r1, r0
 326 00dc 0C31     		adds	r1, r1, #12
 327 00de 2830     		adds	r0, r0, #40
 328 00e0 FFF7FEFF 		bl	cfg_write_bytes32
 329              	.LVL23:
 347:Generated_Source\PSoC4/cyfitter_cfg.c **** 
 348:Generated_Source\PSoC4/cyfitter_cfg.c **** 		/* HSIOM Starting address: CYDEV_HSIOM_BASE */
 349:Generated_Source\PSoC4/cyfitter_cfg.c **** 		CY_SET_REG32((void *)(CYDEV_HSIOM_BASE), 0x03000000u);
 330              		.loc 1 349 0
 331 00e4 C022     		movs	r2, #192
 332 00e6 9204     		lsls	r2, r2, #18
 333 00e8 1A4B     		ldr	r3, .L16+4
 334 00ea 1A60     		str	r2, [r3]
 350:Generated_Source\PSoC4/cyfitter_cfg.c **** 		CY_SET_REG32((void *)(CYREG_HSIOM_PORT_SEL3), 0x0000EE00u);
 335              		.loc 1 350 0
 336 00ec EE22     		movs	r2, #238
 337 00ee 1202     		lsls	r2, r2, #8
 338 00f0 194B     		ldr	r3, .L16+8
 339 00f2 1A60     		str	r2, [r3]
 351:Generated_Source\PSoC4/cyfitter_cfg.c **** 		CY_SET_REG32((void *)(CYREG_HSIOM_PORT_SEL7), 0x00000099u);
 340              		.loc 1 351 0
 341 00f4 9922     		movs	r2, #153
 342 00f6 194B     		ldr	r3, .L16+12
 343 00f8 1A60     		str	r2, [r3]
 352:Generated_Source\PSoC4/cyfitter_cfg.c **** 
 353:Generated_Source\PSoC4/cyfitter_cfg.c **** 		/* UDB_PA_0 Starting address: CYDEV_UDB_PA0_BASE */
 354:Generated_Source\PSoC4/cyfitter_cfg.c **** 		CY_SET_REG32((void *)(CYDEV_UDB_PA0_BASE), 0x00990000u);
 344              		.loc 1 354 0
 345 00fa 9923     		movs	r3, #153
 346 00fc 1B04     		lsls	r3, r3, #16
 347 00fe 184A     		ldr	r2, .L16+16
 348 0100 1360     		str	r3, [r2]
 355:Generated_Source\PSoC4/cyfitter_cfg.c **** 		CY_SET_REG32((void *)(CYREG_UDB_PA0_CFG8), 0x45000000u);
 349              		.loc 1 355 0
 350 0102 8A21     		movs	r1, #138
 351 0104 C905     		lsls	r1, r1, #23
 352 0106 174A     		ldr	r2, .L16+20
 353 0108 1160     		str	r1, [r2]
 356:Generated_Source\PSoC4/cyfitter_cfg.c **** 
 357:Generated_Source\PSoC4/cyfitter_cfg.c **** 		/* UDB_PA_3 Starting address: CYDEV_UDB_PA3_BASE */
 358:Generated_Source\PSoC4/cyfitter_cfg.c **** 		CY_SET_REG32((void *)(CYDEV_UDB_PA3_BASE), 0x00990000u);
 354              		.loc 1 358 0
 355 010a 174A     		ldr	r2, .L16+24
 356 010c 1360     		str	r3, [r2]
 359:Generated_Source\PSoC4/cyfitter_cfg.c **** 
ARM GAS  C:\Users\LOCALA~1\AppData\Local\Temp\ccP7klUj.s 			page 14


 360:Generated_Source\PSoC4/cyfitter_cfg.c **** 		/* TCPWM_CNT0 Starting address: CYDEV_TCPWM_CNT0_TR_CTRL0 */
 361:Generated_Source\PSoC4/cyfitter_cfg.c **** 		CY_SET_REG32((void *)(CYREG_TCPWM_CNT0_TR_CTRL0), 0x0000001Eu);
 357              		.loc 1 361 0
 358 010e 1E22     		movs	r2, #30
 359 0110 164B     		ldr	r3, .L16+28
 360 0112 1A60     		str	r2, [r3]
 362:Generated_Source\PSoC4/cyfitter_cfg.c **** 
 363:Generated_Source\PSoC4/cyfitter_cfg.c **** 		/* Enable digital routing */
 364:Generated_Source\PSoC4/cyfitter_cfg.c **** 		CY_SET_XTND_REG8((void *)CYREG_UDB_UDBIF_BANK_CTL, (uint8)(CY_GET_XTND_REG8((void *)CYREG_UDB_UDB
 361              		.loc 1 364 0
 362 0114 164A     		ldr	r2, .L16+32
 363 0116 1178     		ldrb	r1, [r2]
 364 0118 0623     		movs	r3, #6
 365 011a 0B43     		orrs	r3, r1
 366 011c DBB2     		uxtb	r3, r3
 367 011e 1370     		strb	r3, [r2]
 368              	.LBE3:
 365:Generated_Source\PSoC4/cyfitter_cfg.c **** 	}
 366:Generated_Source\PSoC4/cyfitter_cfg.c **** 
 367:Generated_Source\PSoC4/cyfitter_cfg.c **** 	/* Perform second pass device configuration. These items must be configured in specific order afte
 368:Generated_Source\PSoC4/cyfitter_cfg.c **** 	/* IOPINS0_0 Starting address: CYDEV_GPIO_PRT0_BASE */
 369:Generated_Source\PSoC4/cyfitter_cfg.c **** 	CY_SET_REG32((void *)(CYDEV_GPIO_PRT0_BASE), 0x000000C0u);
 369              		.loc 1 369 0
 370 0120 C022     		movs	r2, #192
 371 0122 144B     		ldr	r3, .L16+36
 372 0124 1A60     		str	r2, [r3]
 370:Generated_Source\PSoC4/cyfitter_cfg.c **** 	CY_SET_REG32((void *)(CYREG_GPIO_PRT0_PC), 0x00580000u);
 373              		.loc 1 370 0
 374 0126 B022     		movs	r2, #176
 375 0128 D203     		lsls	r2, r2, #15
 376 012a 134B     		ldr	r3, .L16+40
 377 012c 1A60     		str	r2, [r3]
 371:Generated_Source\PSoC4/cyfitter_cfg.c **** 
 372:Generated_Source\PSoC4/cyfitter_cfg.c **** 	/* IOPINS0_3 Starting address: CYDEV_GPIO_PRT3_BASE */
 373:Generated_Source\PSoC4/cyfitter_cfg.c **** 	CY_SET_REG32((void *)(CYREG_GPIO_PRT3_PC), 0x00000D80u);
 378              		.loc 1 373 0
 379 012e D822     		movs	r2, #216
 380 0130 1201     		lsls	r2, r2, #4
 381 0132 124B     		ldr	r3, .L16+44
 382 0134 1A60     		str	r2, [r3]
 374:Generated_Source\PSoC4/cyfitter_cfg.c **** 
 375:Generated_Source\PSoC4/cyfitter_cfg.c **** 	/* IOPINS0_7 Starting address: CYDEV_GPIO_PRT7_BASE */
 376:Generated_Source\PSoC4/cyfitter_cfg.c **** 	CY_SET_REG32((void *)(CYDEV_GPIO_PRT7_BASE), 0x00000002u);
 383              		.loc 1 376 0
 384 0136 0223     		movs	r3, #2
 385 0138 114A     		ldr	r2, .L16+48
 386 013a 1360     		str	r3, [r2]
 377:Generated_Source\PSoC4/cyfitter_cfg.c **** 	CY_SET_REG32((void *)(CYREG_GPIO_PRT7_PC), 0x00000031u);
 387              		.loc 1 377 0
 388 013c 3121     		movs	r1, #49
 389 013e 114A     		ldr	r2, .L16+52
 390 0140 1160     		str	r1, [r2]
 378:Generated_Source\PSoC4/cyfitter_cfg.c **** 	CY_SET_REG32((void *)(CYREG_GPIO_PRT7_PC2), 0x00000002u);
 391              		.loc 1 378 0
 392 0142 114A     		ldr	r2, .L16+56
 393 0144 1360     		str	r3, [r2]
 379:Generated_Source\PSoC4/cyfitter_cfg.c **** 
ARM GAS  C:\Users\LOCALA~1\AppData\Local\Temp\ccP7klUj.s 			page 15


 380:Generated_Source\PSoC4/cyfitter_cfg.c **** 
 381:Generated_Source\PSoC4/cyfitter_cfg.c **** 	/* Setup clocks based on selections from Clock DWR */
 382:Generated_Source\PSoC4/cyfitter_cfg.c **** 	ClockSetup();
 394              		.loc 1 382 0
 395 0146 FFF75BFF 		bl	ClockSetup
 396              	.LVL24:
 383:Generated_Source\PSoC4/cyfitter_cfg.c **** 
 384:Generated_Source\PSoC4/cyfitter_cfg.c **** 	/* Perform basic analog initialization to defaults */
 385:Generated_Source\PSoC4/cyfitter_cfg.c **** 	AnalogSetDefault();
 397              		.loc 1 385 0
 398 014a FFF7FEFF 		bl	AnalogSetDefault
 399              	.LVL25:
 386:Generated_Source\PSoC4/cyfitter_cfg.c **** 
 387:Generated_Source\PSoC4/cyfitter_cfg.c **** }
 400              		.loc 1 387 0
 401              		@ sp needed
 402              	.LVL26:
 403 014e 10BD     		pop	{r4, pc}
 404              	.L17:
 405              		.align	2
 406              	.L16:
 407 0150 00000000 		.word	.LANCHOR0
 408 0154 00000240 		.word	1073872896
 409 0158 00030240 		.word	1073873664
 410 015c 00070240 		.word	1073874688
 411 0160 00500F40 		.word	1074745344
 412 0164 08500F40 		.word	1074745352
 413 0168 30500F40 		.word	1074745392
 414 016c 20012040 		.word	1075839264
 415 0170 00700F40 		.word	1074753536
 416 0174 00000440 		.word	1074003968
 417 0178 08000440 		.word	1074003976
 418 017c 08030440 		.word	1074004744
 419 0180 00070440 		.word	1074005760
 420 0184 08070440 		.word	1074005768
 421 0188 18070440 		.word	1074005784
 422              		.cfi_endproc
 423              	.LFE7:
 424              		.size	cyfitter_cfg, .-cyfitter_cfg
 425              		.section	.rodata
 426              		.align	2
 427              		.set	.LANCHOR0,. + 0
 428              		.type	cfg_memset_list.4911, %object
 429              		.size	cfg_memset_list.4911, 12
 430              	cfg_memset_list.4911:
 431 0000 00300F40 		.word	1074737152
 432 0004 0004     		.short	1024
 433 0006 00400F40 		.4byte	1074741248
 434 000a 0004     		.short	1024
 435              		.type	cy_cfg_data_table.4906, %object
 436              		.size	cy_cfg_data_table.4906, 28
 437              	cy_cfg_data_table.4906:
 438 000c E2       		.byte	-30
 439 000d 80       		.byte	-128
 440 000e 0E       		.byte	14
 441 000f 08       		.byte	8
 442 0010 61       		.byte	97
ARM GAS  C:\Users\LOCALA~1\AppData\Local\Temp\ccP7klUj.s 			page 16


 443 0011 40       		.byte	64
 444 0012 C2       		.byte	-62
 445 0013 80       		.byte	-128
 446 0014 D6       		.byte	-42
 447 0015 40       		.byte	64
 448 0016 4A       		.byte	74
 449 0017 04       		.byte	4
 450 0018 89       		.byte	-119
 451 0019 40       		.byte	64
 452 001a 9D       		.byte	-99
 453 001b 40       		.byte	64
 454 001c A2       		.byte	-94
 455 001d 04       		.byte	4
 456 001e D2       		.byte	-46
 457 001f 10       		.byte	16
 458 0020 19       		.byte	25
 459 0021 08       		.byte	8
 460 0022 89       		.byte	-119
 461 0023 08       		.byte	8
 462 0024 C6       		.byte	-58
 463 0025 08       		.byte	8
 464 0026 E2       		.byte	-30
 465 0027 01       		.byte	1
 466              		.type	cy_cfg_addr_table.4905, %object
 467              		.size	cy_cfg_addr_table.4905, 16
 468              	cy_cfg_addr_table.4905:
 469 0028 01330F40 		.word	1074737921
 470 002c 04400F40 		.word	1074741252
 471 0030 05410F40 		.word	1074741509
 472 0034 04430F40 		.word	1074742020
 473              		.text
 474              	.Letext0:
 475              		.file 2 "d:\\program files (x86)\\cypress\\psoc creator\\4.3\\psoc creator\\import\\gnu\\arm\\5.4.
 476              		.file 3 "Generated_Source\\PSoC4\\cytypes.h"
 477              		.file 4 "Generated_Source\\PSoC4\\CyLib.h"
 478              		.section	.debug_info,"",%progbits
 479              	.Ldebug_info0:
 480 0000 B8030000 		.4byte	0x3b8
 481 0004 0400     		.2byte	0x4
 482 0006 00000000 		.4byte	.Ldebug_abbrev0
 483 000a 04       		.byte	0x4
 484 000b 01       		.uleb128 0x1
 485 000c 79010000 		.4byte	.LASF39
 486 0010 0C       		.byte	0xc
 487 0011 B3020000 		.4byte	.LASF40
 488 0015 0D000000 		.4byte	.LASF41
 489 0019 00000000 		.4byte	.Ldebug_ranges0+0
 490 001d 00000000 		.4byte	0
 491 0021 00000000 		.4byte	.Ldebug_line0
 492 0025 02       		.uleb128 0x2
 493 0026 04       		.byte	0x4
 494 0027 05       		.byte	0x5
 495 0028 696E7400 		.ascii	"int\000"
 496 002c 03       		.uleb128 0x3
 497 002d 06000000 		.4byte	.LASF12
 498 0031 02       		.byte	0x2
 499 0032 D8       		.byte	0xd8
ARM GAS  C:\Users\LOCALA~1\AppData\Local\Temp\ccP7klUj.s 			page 17


 500 0033 37000000 		.4byte	0x37
 501 0037 04       		.uleb128 0x4
 502 0038 04       		.byte	0x4
 503 0039 07       		.byte	0x7
 504 003a 3C010000 		.4byte	.LASF0
 505 003e 04       		.uleb128 0x4
 506 003f 08       		.byte	0x8
 507 0040 05       		.byte	0x5
 508 0041 39020000 		.4byte	.LASF1
 509 0045 04       		.uleb128 0x4
 510 0046 08       		.byte	0x8
 511 0047 04       		.byte	0x4
 512 0048 9B020000 		.4byte	.LASF2
 513 004c 04       		.uleb128 0x4
 514 004d 01       		.byte	0x1
 515 004e 06       		.byte	0x6
 516 004f A7020000 		.4byte	.LASF3
 517 0053 04       		.uleb128 0x4
 518 0054 01       		.byte	0x1
 519 0055 08       		.byte	0x8
 520 0056 DE000000 		.4byte	.LASF4
 521 005a 04       		.uleb128 0x4
 522 005b 02       		.byte	0x2
 523 005c 05       		.byte	0x5
 524 005d 66020000 		.4byte	.LASF5
 525 0061 04       		.uleb128 0x4
 526 0062 02       		.byte	0x2
 527 0063 07       		.byte	0x7
 528 0064 26020000 		.4byte	.LASF6
 529 0068 04       		.uleb128 0x4
 530 0069 04       		.byte	0x4
 531 006a 05       		.byte	0x5
 532 006b 92020000 		.4byte	.LASF7
 533 006f 04       		.uleb128 0x4
 534 0070 04       		.byte	0x4
 535 0071 07       		.byte	0x7
 536 0072 BC000000 		.4byte	.LASF8
 537 0076 04       		.uleb128 0x4
 538 0077 08       		.byte	0x8
 539 0078 07       		.byte	0x7
 540 0079 62010000 		.4byte	.LASF9
 541 007d 04       		.uleb128 0x4
 542 007e 04       		.byte	0x4
 543 007f 07       		.byte	0x7
 544 0080 1D020000 		.4byte	.LASF10
 545 0084 05       		.uleb128 0x5
 546 0085 04       		.byte	0x4
 547 0086 04       		.uleb128 0x4
 548 0087 01       		.byte	0x1
 549 0088 08       		.byte	0x8
 550 0089 47020000 		.4byte	.LASF11
 551 008d 06       		.uleb128 0x6
 552 008e CE000000 		.4byte	.LASF13
 553 0092 03       		.byte	0x3
 554 0093 F701     		.2byte	0x1f7
 555 0095 53000000 		.4byte	0x53
 556 0099 06       		.uleb128 0x6
ARM GAS  C:\Users\LOCALA~1\AppData\Local\Temp\ccP7klUj.s 			page 18


 557 009a 23010000 		.4byte	.LASF14
 558 009e 03       		.byte	0x3
 559 009f F801     		.2byte	0x1f8
 560 00a1 61000000 		.4byte	0x61
 561 00a5 06       		.uleb128 0x6
 562 00a6 35010000 		.4byte	.LASF15
 563 00aa 03       		.byte	0x3
 564 00ab F901     		.2byte	0x1f9
 565 00ad 6F000000 		.4byte	0x6f
 566 00b1 04       		.uleb128 0x4
 567 00b2 04       		.byte	0x4
 568 00b3 04       		.byte	0x4
 569 00b4 9C000000 		.4byte	.LASF16
 570 00b8 04       		.uleb128 0x4
 571 00b9 08       		.byte	0x8
 572 00ba 04       		.byte	0x4
 573 00bb F3000000 		.4byte	.LASF17
 574 00bf 06       		.uleb128 0x6
 575 00c0 B7000000 		.4byte	.LASF18
 576 00c4 03       		.byte	0x3
 577 00c5 A102     		.2byte	0x2a1
 578 00c7 CB000000 		.4byte	0xcb
 579 00cb 07       		.uleb128 0x7
 580 00cc 8D000000 		.4byte	0x8d
 581 00d0 06       		.uleb128 0x6
 582 00d1 00000000 		.4byte	.LASF19
 583 00d5 03       		.byte	0x3
 584 00d6 A302     		.2byte	0x2a3
 585 00d8 DC000000 		.4byte	0xdc
 586 00dc 07       		.uleb128 0x7
 587 00dd A5000000 		.4byte	0xa5
 588 00e1 08       		.uleb128 0x8
 589 00e2 02       		.byte	0x2
 590 00e3 01       		.byte	0x1
 591 00e4 97       		.byte	0x97
 592 00e5 02010000 		.4byte	0x102
 593 00e9 09       		.uleb128 0x9
 594 00ea 5F020000 		.4byte	.LASF20
 595 00ee 01       		.byte	0x1
 596 00ef 99       		.byte	0x99
 597 00f0 8D000000 		.4byte	0x8d
 598 00f4 00       		.byte	0
 599 00f5 09       		.uleb128 0x9
 600 00f6 61000000 		.4byte	.LASF21
 601 00fa 01       		.byte	0x1
 602 00fb 9A       		.byte	0x9a
 603 00fc 8D000000 		.4byte	0x8d
 604 0100 01       		.byte	0x1
 605 0101 00       		.byte	0
 606 0102 03       		.uleb128 0x3
 607 0103 4C020000 		.4byte	.LASF22
 608 0107 01       		.byte	0x1
 609 0108 9B       		.byte	0x9b
 610 0109 E1000000 		.4byte	0xe1
 611 010d 0A       		.uleb128 0xa
 612 010e FA000000 		.4byte	.LASF27
 613 0112 01       		.byte	0x1
ARM GAS  C:\Users\LOCALA~1\AppData\Local\Temp\ccP7klUj.s 			page 19


 614 0113 AE       		.byte	0xae
 615 0114 00000000 		.4byte	.LFB4
 616 0118 32000000 		.4byte	.LFE4-.LFB4
 617 011c 01       		.uleb128 0x1
 618 011d 9C       		.byte	0x9c
 619 011e 7F010000 		.4byte	0x17f
 620 0122 0B       		.uleb128 0xb
 621 0123 18010000 		.4byte	.LASF23
 622 0127 01       		.byte	0x1
 623 0128 AE       		.byte	0xae
 624 0129 7F010000 		.4byte	0x17f
 625 012d 01       		.uleb128 0x1
 626 012e 50       		.byte	0x50
 627 012f 0B       		.uleb128 0xb
 628 0130 2A010000 		.4byte	.LASF24
 629 0134 01       		.byte	0x1
 630 0135 AE       		.byte	0xae
 631 0136 8A010000 		.4byte	0x18a
 632 013a 01       		.uleb128 0x1
 633 013b 51       		.byte	0x51
 634 013c 0C       		.uleb128 0xc
 635 013d 6900     		.ascii	"i\000"
 636 013f 01       		.byte	0x1
 637 0140 B1       		.byte	0xb1
 638 0141 A5000000 		.4byte	0xa5
 639 0145 00000000 		.4byte	.LLST0
 640 0149 0C       		.uleb128 0xc
 641 014a 6A00     		.ascii	"j\000"
 642 014c 01       		.byte	0x1
 643 014d B1       		.byte	0xb1
 644 014e A5000000 		.4byte	0xa5
 645 0152 1F000000 		.4byte	.LLST1
 646 0156 0D       		.uleb128 0xd
 647 0157 08000000 		.4byte	.LBB2
 648 015b 22000000 		.4byte	.LBE2-.LBB2
 649 015f 0E       		.uleb128 0xe
 650 0160 14020000 		.4byte	.LASF25
 651 0164 01       		.byte	0x1
 652 0165 B4       		.byte	0xb4
 653 0166 A5000000 		.4byte	0xa5
 654 016a 3E000000 		.4byte	.LLST2
 655 016e 0E       		.uleb128 0xe
 656 016f 67000000 		.4byte	.LASF26
 657 0173 01       		.byte	0x1
 658 0174 B5       		.byte	0xb5
 659 0175 8D000000 		.4byte	0x8d
 660 0179 51000000 		.4byte	.LLST3
 661 017d 00       		.byte	0
 662 017e 00       		.byte	0
 663 017f 0F       		.uleb128 0xf
 664 0180 04       		.byte	0x4
 665 0181 85010000 		.4byte	0x185
 666 0185 10       		.uleb128 0x10
 667 0186 A5000000 		.4byte	0xa5
 668 018a 0F       		.uleb128 0xf
 669 018b 04       		.byte	0x4
 670 018c 90010000 		.4byte	0x190
ARM GAS  C:\Users\LOCALA~1\AppData\Local\Temp\ccP7klUj.s 			page 20


 671 0190 10       		.uleb128 0x10
 672 0191 02010000 		.4byte	0x102
 673 0195 11       		.uleb128 0x11
 674 0196 49010000 		.4byte	.LASF42
 675 019a 01       		.byte	0x1
 676 019b 0B01     		.2byte	0x10b
 677 019d 00000000 		.4byte	.LFB6
 678 01a1 20000000 		.4byte	.LFE6-.LFB6
 679 01a5 01       		.uleb128 0x1
 680 01a6 9C       		.byte	0x9c
 681 01a7 0A       		.uleb128 0xa
 682 01a8 D4000000 		.4byte	.LASF28
 683 01ac 01       		.byte	0x1
 684 01ad 4C       		.byte	0x4c
 685 01ae 00000000 		.4byte	.LFB1
 686 01b2 0C000000 		.4byte	.LFE1-.LFB1
 687 01b6 01       		.uleb128 0x1
 688 01b7 9C       		.byte	0x9c
 689 01b8 F4010000 		.4byte	0x1f4
 690 01bc 12       		.uleb128 0x12
 691 01bd 7300     		.ascii	"s\000"
 692 01bf 01       		.byte	0x1
 693 01c0 4C       		.byte	0x4c
 694 01c1 84000000 		.4byte	0x84
 695 01c5 6F000000 		.4byte	.LLST4
 696 01c9 12       		.uleb128 0x12
 697 01ca 6E00     		.ascii	"n\000"
 698 01cc 01       		.byte	0x1
 699 01cd 4C       		.byte	0x4c
 700 01ce 2C000000 		.4byte	0x2c
 701 01d2 90000000 		.4byte	.LLST5
 702 01d6 13       		.uleb128 0x13
 703 01d7 0A000000 		.4byte	.LVL14
 704 01db 91030000 		.4byte	0x391
 705 01df 14       		.uleb128 0x14
 706 01e0 01       		.uleb128 0x1
 707 01e1 50       		.byte	0x50
 708 01e2 03       		.uleb128 0x3
 709 01e3 F3       		.byte	0xf3
 710 01e4 01       		.uleb128 0x1
 711 01e5 50       		.byte	0x50
 712 01e6 14       		.uleb128 0x14
 713 01e7 01       		.uleb128 0x1
 714 01e8 51       		.byte	0x51
 715 01e9 01       		.uleb128 0x1
 716 01ea 30       		.byte	0x30
 717 01eb 14       		.uleb128 0x14
 718 01ec 01       		.uleb128 0x1
 719 01ed 52       		.byte	0x52
 720 01ee 03       		.uleb128 0x3
 721 01ef F3       		.byte	0xf3
 722 01f0 01       		.uleb128 0x1
 723 01f1 51       		.byte	0x51
 724 01f2 00       		.byte	0
 725 01f3 00       		.byte	0
 726 01f4 0A       		.uleb128 0xa
 727 01f5 6D000000 		.4byte	.LASF29
ARM GAS  C:\Users\LOCALA~1\AppData\Local\Temp\ccP7klUj.s 			page 21


 728 01f9 01       		.byte	0x1
 729 01fa D3       		.byte	0xd3
 730 01fb 00000000 		.4byte	.LFB5
 731 01ff AC000000 		.4byte	.LFE5-.LFB5
 732 0203 01       		.uleb128 0x1
 733 0204 9C       		.byte	0x9c
 734 0205 40020000 		.4byte	0x240
 735 0209 15       		.uleb128 0x15
 736 020a 0E000000 		.4byte	.LVL15
 737 020e 9A030000 		.4byte	0x39a
 738 0212 1D020000 		.4byte	0x21d
 739 0216 14       		.uleb128 0x14
 740 0217 01       		.uleb128 0x1
 741 0218 50       		.byte	0x50
 742 0219 02       		.uleb128 0x2
 743 021a 08       		.byte	0x8
 744 021b 30       		.byte	0x30
 745 021c 00       		.byte	0
 746 021d 15       		.uleb128 0x15
 747 021e 5E000000 		.4byte	.LVL16
 748 0222 A5030000 		.4byte	0x3a5
 749 0226 30020000 		.4byte	0x230
 750 022a 14       		.uleb128 0x14
 751 022b 01       		.uleb128 0x1
 752 022c 50       		.byte	0x50
 753 022d 01       		.uleb128 0x1
 754 022e 37       		.byte	0x37
 755 022f 00       		.byte	0
 756 0230 13       		.uleb128 0x13
 757 0231 64000000 		.4byte	.LVL17
 758 0235 B0030000 		.4byte	0x3b0
 759 0239 14       		.uleb128 0x14
 760 023a 01       		.uleb128 0x1
 761 023b 50       		.byte	0x50
 762 023c 01       		.uleb128 0x1
 763 023d 37       		.byte	0x37
 764 023e 00       		.byte	0
 765 023f 00       		.byte	0
 766 0240 16       		.uleb128 0x16
 767 0241 85020000 		.4byte	.LASF43
 768 0245 01       		.byte	0x1
 769 0246 2601     		.2byte	0x126
 770 0248 AC000000 		.4byte	.LFB7
 771 024c E0000000 		.4byte	.LFE7-.LFB7
 772 0250 01       		.uleb128 0x1
 773 0251 9C       		.byte	0x9c
 774 0252 67030000 		.4byte	0x367
 775 0256 17       		.uleb128 0x17
 776 0257 B0000000 		.4byte	.LBB3
 777 025b 70000000 		.4byte	.LBE3-.LBB3
 778 025f 54030000 		.4byte	0x354
 779 0263 18       		.uleb128 0x18
 780 0264 78000000 		.4byte	.LASF30
 781 0268 01       		.byte	0x1
 782 0269 2C01     		.2byte	0x12c
 783 026b 77030000 		.4byte	0x377
 784 026f 05       		.uleb128 0x5
ARM GAS  C:\Users\LOCALA~1\AppData\Local\Temp\ccP7klUj.s 			page 22


 785 0270 03       		.byte	0x3
 786 0271 28000000 		.4byte	cy_cfg_addr_table.4905
 787 0275 18       		.uleb128 0x18
 788 0276 8A000000 		.4byte	.LASF31
 789 027a 01       		.byte	0x1
 790 027b 3301     		.2byte	0x133
 791 027d 8C030000 		.4byte	0x38c
 792 0281 05       		.uleb128 0x5
 793 0282 03       		.byte	0x3
 794 0283 0C000000 		.4byte	cy_cfg_data_table.4906
 795 0287 19       		.uleb128 0x19
 796 0288 06       		.byte	0x6
 797 0289 01       		.byte	0x1
 798 028a 4601     		.2byte	0x146
 799 028c AB020000 		.4byte	0x2ab
 800 0290 1A       		.uleb128 0x1a
 801 0291 5A010000 		.4byte	.LASF32
 802 0295 01       		.byte	0x1
 803 0296 4701     		.2byte	0x147
 804 0298 84000000 		.4byte	0x84
 805 029c 00       		.byte	0
 806 029d 1A       		.uleb128 0x1a
 807 029e B2000000 		.4byte	.LASF33
 808 02a2 01       		.byte	0x1
 809 02a3 4801     		.2byte	0x148
 810 02a5 99000000 		.4byte	0x99
 811 02a9 04       		.byte	0x4
 812 02aa 00       		.byte	0
 813 02ab 06       		.uleb128 0x6
 814 02ac 07020000 		.4byte	.LASF34
 815 02b0 01       		.byte	0x1
 816 02b1 4901     		.2byte	0x149
 817 02b3 87020000 		.4byte	0x287
 818 02b7 1B       		.uleb128 0x1b
 819 02b8 C7020000 		.4byte	0x2c7
 820 02bc C7020000 		.4byte	0x2c7
 821 02c0 1C       		.uleb128 0x1c
 822 02c1 7D000000 		.4byte	0x7d
 823 02c5 01       		.byte	0x1
 824 02c6 00       		.byte	0
 825 02c7 10       		.uleb128 0x10
 826 02c8 AB020000 		.4byte	0x2ab
 827 02cc 18       		.uleb128 0x18
 828 02cd A2000000 		.4byte	.LASF35
 829 02d1 01       		.byte	0x1
 830 02d2 4B01     		.2byte	0x14b
 831 02d4 DE020000 		.4byte	0x2de
 832 02d8 05       		.uleb128 0x5
 833 02d9 03       		.byte	0x3
 834 02da 00000000 		.4byte	cfg_memset_list.4911
 835 02de 10       		.uleb128 0x10
 836 02df B7020000 		.4byte	0x2b7
 837 02e3 1D       		.uleb128 0x1d
 838 02e4 6900     		.ascii	"i\000"
 839 02e6 01       		.byte	0x1
 840 02e7 5101     		.2byte	0x151
 841 02e9 8D000000 		.4byte	0x8d
ARM GAS  C:\Users\LOCALA~1\AppData\Local\Temp\ccP7klUj.s 			page 23


 842 02ed BC000000 		.4byte	.LLST6
 843 02f1 17       		.uleb128 0x17
 844 02f2 B4000000 		.4byte	.LBB4
 845 02f6 1C000000 		.4byte	.LBE4-.LBB4
 846 02fa 37030000 		.4byte	0x337
 847 02fe 1D       		.uleb128 0x1d
 848 02ff 6D7300   		.ascii	"ms\000"
 849 0302 01       		.byte	0x1
 850 0303 5601     		.2byte	0x156
 851 0305 0D030000 		.4byte	0x30d
 852 0309 E6000000 		.4byte	.LLST7
 853 030d 0F       		.uleb128 0xf
 854 030e 04       		.byte	0x4
 855 030f C7020000 		.4byte	0x2c7
 856 0313 13       		.uleb128 0x13
 857 0314 D0000000 		.4byte	.LVL20
 858 0318 A7010000 		.4byte	0x1a7
 859 031c 14       		.uleb128 0x14
 860 031d 01       		.uleb128 0x1
 861 031e 51       		.byte	0x51
 862 031f 15       		.uleb128 0x15
 863 0320 74       		.byte	0x74
 864 0321 00       		.sleb128 0
 865 0322 31       		.byte	0x31
 866 0323 24       		.byte	0x24
 867 0324 74       		.byte	0x74
 868 0325 00       		.sleb128 0
 869 0326 22       		.byte	0x22
 870 0327 31       		.byte	0x31
 871 0328 24       		.byte	0x24
 872 0329 03       		.byte	0x3
 873 032a 04000000 		.4byte	.LANCHOR0+4
 874 032e 22       		.byte	0x22
 875 032f 94       		.byte	0x94
 876 0330 02       		.byte	0x2
 877 0331 0A       		.byte	0xa
 878 0332 FFFF     		.2byte	0xffff
 879 0334 1A       		.byte	0x1a
 880 0335 00       		.byte	0
 881 0336 00       		.byte	0
 882 0337 13       		.uleb128 0x13
 883 0338 E4000000 		.4byte	.LVL23
 884 033c 0D010000 		.4byte	0x10d
 885 0340 14       		.uleb128 0x14
 886 0341 01       		.uleb128 0x1
 887 0342 50       		.byte	0x50
 888 0343 05       		.uleb128 0x5
 889 0344 03       		.byte	0x3
 890 0345 28000000 		.4byte	.LANCHOR0+40
 891 0349 14       		.uleb128 0x14
 892 034a 01       		.uleb128 0x1
 893 034b 51       		.byte	0x51
 894 034c 05       		.uleb128 0x5
 895 034d 03       		.byte	0x3
 896 034e 0C000000 		.4byte	.LANCHOR0+12
 897 0352 00       		.byte	0
 898 0353 00       		.byte	0
ARM GAS  C:\Users\LOCALA~1\AppData\Local\Temp\ccP7klUj.s 			page 24


 899 0354 1E       		.uleb128 0x1e
 900 0355 4A010000 		.4byte	.LVL24
 901 0359 F4010000 		.4byte	0x1f4
 902 035d 1E       		.uleb128 0x1e
 903 035e 4E010000 		.4byte	.LVL25
 904 0362 95010000 		.4byte	0x195
 905 0366 00       		.byte	0
 906 0367 1B       		.uleb128 0x1b
 907 0368 85010000 		.4byte	0x185
 908 036c 77030000 		.4byte	0x377
 909 0370 1C       		.uleb128 0x1c
 910 0371 7D000000 		.4byte	0x7d
 911 0375 03       		.byte	0x3
 912 0376 00       		.byte	0
 913 0377 10       		.uleb128 0x10
 914 0378 67030000 		.4byte	0x367
 915 037c 1B       		.uleb128 0x1b
 916 037d 90010000 		.4byte	0x190
 917 0381 8C030000 		.4byte	0x38c
 918 0385 1C       		.uleb128 0x1c
 919 0386 7D000000 		.4byte	0x7d
 920 038a 0D       		.byte	0xd
 921 038b 00       		.byte	0
 922 038c 10       		.uleb128 0x10
 923 038d 7C030000 		.4byte	0x37c
 924 0391 1F       		.uleb128 0x1f
 925 0392 EC000000 		.4byte	.LASF44
 926 0396 EC000000 		.4byte	.LASF44
 927 039a 20       		.uleb128 0x20
 928 039b 70020000 		.4byte	.LASF36
 929 039f 70020000 		.4byte	.LASF36
 930 03a3 04       		.byte	0x4
 931 03a4 6C       		.byte	0x6c
 932 03a5 20       		.uleb128 0x20
 933 03a6 52000000 		.4byte	.LASF37
 934 03aa 52000000 		.4byte	.LASF37
 935 03ae 04       		.byte	0x4
 936 03af D0       		.byte	0xd0
 937 03b0 20       		.uleb128 0x20
 938 03b1 0C010000 		.4byte	.LASF38
 939 03b5 0C010000 		.4byte	.LASF38
 940 03b9 04       		.byte	0x4
 941 03ba D6       		.byte	0xd6
 942 03bb 00       		.byte	0
 943              		.section	.debug_abbrev,"",%progbits
 944              	.Ldebug_abbrev0:
 945 0000 01       		.uleb128 0x1
 946 0001 11       		.uleb128 0x11
 947 0002 01       		.byte	0x1
 948 0003 25       		.uleb128 0x25
 949 0004 0E       		.uleb128 0xe
 950 0005 13       		.uleb128 0x13
 951 0006 0B       		.uleb128 0xb
 952 0007 03       		.uleb128 0x3
 953 0008 0E       		.uleb128 0xe
 954 0009 1B       		.uleb128 0x1b
 955 000a 0E       		.uleb128 0xe
ARM GAS  C:\Users\LOCALA~1\AppData\Local\Temp\ccP7klUj.s 			page 25


 956 000b 55       		.uleb128 0x55
 957 000c 17       		.uleb128 0x17
 958 000d 11       		.uleb128 0x11
 959 000e 01       		.uleb128 0x1
 960 000f 10       		.uleb128 0x10
 961 0010 17       		.uleb128 0x17
 962 0011 00       		.byte	0
 963 0012 00       		.byte	0
 964 0013 02       		.uleb128 0x2
 965 0014 24       		.uleb128 0x24
 966 0015 00       		.byte	0
 967 0016 0B       		.uleb128 0xb
 968 0017 0B       		.uleb128 0xb
 969 0018 3E       		.uleb128 0x3e
 970 0019 0B       		.uleb128 0xb
 971 001a 03       		.uleb128 0x3
 972 001b 08       		.uleb128 0x8
 973 001c 00       		.byte	0
 974 001d 00       		.byte	0
 975 001e 03       		.uleb128 0x3
 976 001f 16       		.uleb128 0x16
 977 0020 00       		.byte	0
 978 0021 03       		.uleb128 0x3
 979 0022 0E       		.uleb128 0xe
 980 0023 3A       		.uleb128 0x3a
 981 0024 0B       		.uleb128 0xb
 982 0025 3B       		.uleb128 0x3b
 983 0026 0B       		.uleb128 0xb
 984 0027 49       		.uleb128 0x49
 985 0028 13       		.uleb128 0x13
 986 0029 00       		.byte	0
 987 002a 00       		.byte	0
 988 002b 04       		.uleb128 0x4
 989 002c 24       		.uleb128 0x24
 990 002d 00       		.byte	0
 991 002e 0B       		.uleb128 0xb
 992 002f 0B       		.uleb128 0xb
 993 0030 3E       		.uleb128 0x3e
 994 0031 0B       		.uleb128 0xb
 995 0032 03       		.uleb128 0x3
 996 0033 0E       		.uleb128 0xe
 997 0034 00       		.byte	0
 998 0035 00       		.byte	0
 999 0036 05       		.uleb128 0x5
 1000 0037 0F       		.uleb128 0xf
 1001 0038 00       		.byte	0
 1002 0039 0B       		.uleb128 0xb
 1003 003a 0B       		.uleb128 0xb
 1004 003b 00       		.byte	0
 1005 003c 00       		.byte	0
 1006 003d 06       		.uleb128 0x6
 1007 003e 16       		.uleb128 0x16
 1008 003f 00       		.byte	0
 1009 0040 03       		.uleb128 0x3
 1010 0041 0E       		.uleb128 0xe
 1011 0042 3A       		.uleb128 0x3a
 1012 0043 0B       		.uleb128 0xb
ARM GAS  C:\Users\LOCALA~1\AppData\Local\Temp\ccP7klUj.s 			page 26


 1013 0044 3B       		.uleb128 0x3b
 1014 0045 05       		.uleb128 0x5
 1015 0046 49       		.uleb128 0x49
 1016 0047 13       		.uleb128 0x13
 1017 0048 00       		.byte	0
 1018 0049 00       		.byte	0
 1019 004a 07       		.uleb128 0x7
 1020 004b 35       		.uleb128 0x35
 1021 004c 00       		.byte	0
 1022 004d 49       		.uleb128 0x49
 1023 004e 13       		.uleb128 0x13
 1024 004f 00       		.byte	0
 1025 0050 00       		.byte	0
 1026 0051 08       		.uleb128 0x8
 1027 0052 13       		.uleb128 0x13
 1028 0053 01       		.byte	0x1
 1029 0054 0B       		.uleb128 0xb
 1030 0055 0B       		.uleb128 0xb
 1031 0056 3A       		.uleb128 0x3a
 1032 0057 0B       		.uleb128 0xb
 1033 0058 3B       		.uleb128 0x3b
 1034 0059 0B       		.uleb128 0xb
 1035 005a 01       		.uleb128 0x1
 1036 005b 13       		.uleb128 0x13
 1037 005c 00       		.byte	0
 1038 005d 00       		.byte	0
 1039 005e 09       		.uleb128 0x9
 1040 005f 0D       		.uleb128 0xd
 1041 0060 00       		.byte	0
 1042 0061 03       		.uleb128 0x3
 1043 0062 0E       		.uleb128 0xe
 1044 0063 3A       		.uleb128 0x3a
 1045 0064 0B       		.uleb128 0xb
 1046 0065 3B       		.uleb128 0x3b
 1047 0066 0B       		.uleb128 0xb
 1048 0067 49       		.uleb128 0x49
 1049 0068 13       		.uleb128 0x13
 1050 0069 38       		.uleb128 0x38
 1051 006a 0B       		.uleb128 0xb
 1052 006b 00       		.byte	0
 1053 006c 00       		.byte	0
 1054 006d 0A       		.uleb128 0xa
 1055 006e 2E       		.uleb128 0x2e
 1056 006f 01       		.byte	0x1
 1057 0070 03       		.uleb128 0x3
 1058 0071 0E       		.uleb128 0xe
 1059 0072 3A       		.uleb128 0x3a
 1060 0073 0B       		.uleb128 0xb
 1061 0074 3B       		.uleb128 0x3b
 1062 0075 0B       		.uleb128 0xb
 1063 0076 27       		.uleb128 0x27
 1064 0077 19       		.uleb128 0x19
 1065 0078 11       		.uleb128 0x11
 1066 0079 01       		.uleb128 0x1
 1067 007a 12       		.uleb128 0x12
 1068 007b 06       		.uleb128 0x6
 1069 007c 40       		.uleb128 0x40
ARM GAS  C:\Users\LOCALA~1\AppData\Local\Temp\ccP7klUj.s 			page 27


 1070 007d 18       		.uleb128 0x18
 1071 007e 9742     		.uleb128 0x2117
 1072 0080 19       		.uleb128 0x19
 1073 0081 01       		.uleb128 0x1
 1074 0082 13       		.uleb128 0x13
 1075 0083 00       		.byte	0
 1076 0084 00       		.byte	0
 1077 0085 0B       		.uleb128 0xb
 1078 0086 05       		.uleb128 0x5
 1079 0087 00       		.byte	0
 1080 0088 03       		.uleb128 0x3
 1081 0089 0E       		.uleb128 0xe
 1082 008a 3A       		.uleb128 0x3a
 1083 008b 0B       		.uleb128 0xb
 1084 008c 3B       		.uleb128 0x3b
 1085 008d 0B       		.uleb128 0xb
 1086 008e 49       		.uleb128 0x49
 1087 008f 13       		.uleb128 0x13
 1088 0090 02       		.uleb128 0x2
 1089 0091 18       		.uleb128 0x18
 1090 0092 00       		.byte	0
 1091 0093 00       		.byte	0
 1092 0094 0C       		.uleb128 0xc
 1093 0095 34       		.uleb128 0x34
 1094 0096 00       		.byte	0
 1095 0097 03       		.uleb128 0x3
 1096 0098 08       		.uleb128 0x8
 1097 0099 3A       		.uleb128 0x3a
 1098 009a 0B       		.uleb128 0xb
 1099 009b 3B       		.uleb128 0x3b
 1100 009c 0B       		.uleb128 0xb
 1101 009d 49       		.uleb128 0x49
 1102 009e 13       		.uleb128 0x13
 1103 009f 02       		.uleb128 0x2
 1104 00a0 17       		.uleb128 0x17
 1105 00a1 00       		.byte	0
 1106 00a2 00       		.byte	0
 1107 00a3 0D       		.uleb128 0xd
 1108 00a4 0B       		.uleb128 0xb
 1109 00a5 01       		.byte	0x1
 1110 00a6 11       		.uleb128 0x11
 1111 00a7 01       		.uleb128 0x1
 1112 00a8 12       		.uleb128 0x12
 1113 00a9 06       		.uleb128 0x6
 1114 00aa 00       		.byte	0
 1115 00ab 00       		.byte	0
 1116 00ac 0E       		.uleb128 0xe
 1117 00ad 34       		.uleb128 0x34
 1118 00ae 00       		.byte	0
 1119 00af 03       		.uleb128 0x3
 1120 00b0 0E       		.uleb128 0xe
 1121 00b1 3A       		.uleb128 0x3a
 1122 00b2 0B       		.uleb128 0xb
 1123 00b3 3B       		.uleb128 0x3b
 1124 00b4 0B       		.uleb128 0xb
 1125 00b5 49       		.uleb128 0x49
 1126 00b6 13       		.uleb128 0x13
ARM GAS  C:\Users\LOCALA~1\AppData\Local\Temp\ccP7klUj.s 			page 28


 1127 00b7 02       		.uleb128 0x2
 1128 00b8 17       		.uleb128 0x17
 1129 00b9 00       		.byte	0
 1130 00ba 00       		.byte	0
 1131 00bb 0F       		.uleb128 0xf
 1132 00bc 0F       		.uleb128 0xf
 1133 00bd 00       		.byte	0
 1134 00be 0B       		.uleb128 0xb
 1135 00bf 0B       		.uleb128 0xb
 1136 00c0 49       		.uleb128 0x49
 1137 00c1 13       		.uleb128 0x13
 1138 00c2 00       		.byte	0
 1139 00c3 00       		.byte	0
 1140 00c4 10       		.uleb128 0x10
 1141 00c5 26       		.uleb128 0x26
 1142 00c6 00       		.byte	0
 1143 00c7 49       		.uleb128 0x49
 1144 00c8 13       		.uleb128 0x13
 1145 00c9 00       		.byte	0
 1146 00ca 00       		.byte	0
 1147 00cb 11       		.uleb128 0x11
 1148 00cc 2E       		.uleb128 0x2e
 1149 00cd 00       		.byte	0
 1150 00ce 03       		.uleb128 0x3
 1151 00cf 0E       		.uleb128 0xe
 1152 00d0 3A       		.uleb128 0x3a
 1153 00d1 0B       		.uleb128 0xb
 1154 00d2 3B       		.uleb128 0x3b
 1155 00d3 05       		.uleb128 0x5
 1156 00d4 27       		.uleb128 0x27
 1157 00d5 19       		.uleb128 0x19
 1158 00d6 11       		.uleb128 0x11
 1159 00d7 01       		.uleb128 0x1
 1160 00d8 12       		.uleb128 0x12
 1161 00d9 06       		.uleb128 0x6
 1162 00da 40       		.uleb128 0x40
 1163 00db 18       		.uleb128 0x18
 1164 00dc 9742     		.uleb128 0x2117
 1165 00de 19       		.uleb128 0x19
 1166 00df 00       		.byte	0
 1167 00e0 00       		.byte	0
 1168 00e1 12       		.uleb128 0x12
 1169 00e2 05       		.uleb128 0x5
 1170 00e3 00       		.byte	0
 1171 00e4 03       		.uleb128 0x3
 1172 00e5 08       		.uleb128 0x8
 1173 00e6 3A       		.uleb128 0x3a
 1174 00e7 0B       		.uleb128 0xb
 1175 00e8 3B       		.uleb128 0x3b
 1176 00e9 0B       		.uleb128 0xb
 1177 00ea 49       		.uleb128 0x49
 1178 00eb 13       		.uleb128 0x13
 1179 00ec 02       		.uleb128 0x2
 1180 00ed 17       		.uleb128 0x17
 1181 00ee 00       		.byte	0
 1182 00ef 00       		.byte	0
 1183 00f0 13       		.uleb128 0x13
ARM GAS  C:\Users\LOCALA~1\AppData\Local\Temp\ccP7klUj.s 			page 29


 1184 00f1 898201   		.uleb128 0x4109
 1185 00f4 01       		.byte	0x1
 1186 00f5 11       		.uleb128 0x11
 1187 00f6 01       		.uleb128 0x1
 1188 00f7 31       		.uleb128 0x31
 1189 00f8 13       		.uleb128 0x13
 1190 00f9 00       		.byte	0
 1191 00fa 00       		.byte	0
 1192 00fb 14       		.uleb128 0x14
 1193 00fc 8A8201   		.uleb128 0x410a
 1194 00ff 00       		.byte	0
 1195 0100 02       		.uleb128 0x2
 1196 0101 18       		.uleb128 0x18
 1197 0102 9142     		.uleb128 0x2111
 1198 0104 18       		.uleb128 0x18
 1199 0105 00       		.byte	0
 1200 0106 00       		.byte	0
 1201 0107 15       		.uleb128 0x15
 1202 0108 898201   		.uleb128 0x4109
 1203 010b 01       		.byte	0x1
 1204 010c 11       		.uleb128 0x11
 1205 010d 01       		.uleb128 0x1
 1206 010e 31       		.uleb128 0x31
 1207 010f 13       		.uleb128 0x13
 1208 0110 01       		.uleb128 0x1
 1209 0111 13       		.uleb128 0x13
 1210 0112 00       		.byte	0
 1211 0113 00       		.byte	0
 1212 0114 16       		.uleb128 0x16
 1213 0115 2E       		.uleb128 0x2e
 1214 0116 01       		.byte	0x1
 1215 0117 3F       		.uleb128 0x3f
 1216 0118 19       		.uleb128 0x19
 1217 0119 03       		.uleb128 0x3
 1218 011a 0E       		.uleb128 0xe
 1219 011b 3A       		.uleb128 0x3a
 1220 011c 0B       		.uleb128 0xb
 1221 011d 3B       		.uleb128 0x3b
 1222 011e 05       		.uleb128 0x5
 1223 011f 27       		.uleb128 0x27
 1224 0120 19       		.uleb128 0x19
 1225 0121 11       		.uleb128 0x11
 1226 0122 01       		.uleb128 0x1
 1227 0123 12       		.uleb128 0x12
 1228 0124 06       		.uleb128 0x6
 1229 0125 40       		.uleb128 0x40
 1230 0126 18       		.uleb128 0x18
 1231 0127 9742     		.uleb128 0x2117
 1232 0129 19       		.uleb128 0x19
 1233 012a 01       		.uleb128 0x1
 1234 012b 13       		.uleb128 0x13
 1235 012c 00       		.byte	0
 1236 012d 00       		.byte	0
 1237 012e 17       		.uleb128 0x17
 1238 012f 0B       		.uleb128 0xb
 1239 0130 01       		.byte	0x1
 1240 0131 11       		.uleb128 0x11
ARM GAS  C:\Users\LOCALA~1\AppData\Local\Temp\ccP7klUj.s 			page 30


 1241 0132 01       		.uleb128 0x1
 1242 0133 12       		.uleb128 0x12
 1243 0134 06       		.uleb128 0x6
 1244 0135 01       		.uleb128 0x1
 1245 0136 13       		.uleb128 0x13
 1246 0137 00       		.byte	0
 1247 0138 00       		.byte	0
 1248 0139 18       		.uleb128 0x18
 1249 013a 34       		.uleb128 0x34
 1250 013b 00       		.byte	0
 1251 013c 03       		.uleb128 0x3
 1252 013d 0E       		.uleb128 0xe
 1253 013e 3A       		.uleb128 0x3a
 1254 013f 0B       		.uleb128 0xb
 1255 0140 3B       		.uleb128 0x3b
 1256 0141 05       		.uleb128 0x5
 1257 0142 49       		.uleb128 0x49
 1258 0143 13       		.uleb128 0x13
 1259 0144 02       		.uleb128 0x2
 1260 0145 18       		.uleb128 0x18
 1261 0146 00       		.byte	0
 1262 0147 00       		.byte	0
 1263 0148 19       		.uleb128 0x19
 1264 0149 13       		.uleb128 0x13
 1265 014a 01       		.byte	0x1
 1266 014b 0B       		.uleb128 0xb
 1267 014c 0B       		.uleb128 0xb
 1268 014d 3A       		.uleb128 0x3a
 1269 014e 0B       		.uleb128 0xb
 1270 014f 3B       		.uleb128 0x3b
 1271 0150 05       		.uleb128 0x5
 1272 0151 01       		.uleb128 0x1
 1273 0152 13       		.uleb128 0x13
 1274 0153 00       		.byte	0
 1275 0154 00       		.byte	0
 1276 0155 1A       		.uleb128 0x1a
 1277 0156 0D       		.uleb128 0xd
 1278 0157 00       		.byte	0
 1279 0158 03       		.uleb128 0x3
 1280 0159 0E       		.uleb128 0xe
 1281 015a 3A       		.uleb128 0x3a
 1282 015b 0B       		.uleb128 0xb
 1283 015c 3B       		.uleb128 0x3b
 1284 015d 05       		.uleb128 0x5
 1285 015e 49       		.uleb128 0x49
 1286 015f 13       		.uleb128 0x13
 1287 0160 38       		.uleb128 0x38
 1288 0161 0B       		.uleb128 0xb
 1289 0162 00       		.byte	0
 1290 0163 00       		.byte	0
 1291 0164 1B       		.uleb128 0x1b
 1292 0165 01       		.uleb128 0x1
 1293 0166 01       		.byte	0x1
 1294 0167 49       		.uleb128 0x49
 1295 0168 13       		.uleb128 0x13
 1296 0169 01       		.uleb128 0x1
 1297 016a 13       		.uleb128 0x13
ARM GAS  C:\Users\LOCALA~1\AppData\Local\Temp\ccP7klUj.s 			page 31


 1298 016b 00       		.byte	0
 1299 016c 00       		.byte	0
 1300 016d 1C       		.uleb128 0x1c
 1301 016e 21       		.uleb128 0x21
 1302 016f 00       		.byte	0
 1303 0170 49       		.uleb128 0x49
 1304 0171 13       		.uleb128 0x13
 1305 0172 2F       		.uleb128 0x2f
 1306 0173 0B       		.uleb128 0xb
 1307 0174 00       		.byte	0
 1308 0175 00       		.byte	0
 1309 0176 1D       		.uleb128 0x1d
 1310 0177 34       		.uleb128 0x34
 1311 0178 00       		.byte	0
 1312 0179 03       		.uleb128 0x3
 1313 017a 08       		.uleb128 0x8
 1314 017b 3A       		.uleb128 0x3a
 1315 017c 0B       		.uleb128 0xb
 1316 017d 3B       		.uleb128 0x3b
 1317 017e 05       		.uleb128 0x5
 1318 017f 49       		.uleb128 0x49
 1319 0180 13       		.uleb128 0x13
 1320 0181 02       		.uleb128 0x2
 1321 0182 17       		.uleb128 0x17
 1322 0183 00       		.byte	0
 1323 0184 00       		.byte	0
 1324 0185 1E       		.uleb128 0x1e
 1325 0186 898201   		.uleb128 0x4109
 1326 0189 00       		.byte	0
 1327 018a 11       		.uleb128 0x11
 1328 018b 01       		.uleb128 0x1
 1329 018c 31       		.uleb128 0x31
 1330 018d 13       		.uleb128 0x13
 1331 018e 00       		.byte	0
 1332 018f 00       		.byte	0
 1333 0190 1F       		.uleb128 0x1f
 1334 0191 2E       		.uleb128 0x2e
 1335 0192 00       		.byte	0
 1336 0193 3F       		.uleb128 0x3f
 1337 0194 19       		.uleb128 0x19
 1338 0195 3C       		.uleb128 0x3c
 1339 0196 19       		.uleb128 0x19
 1340 0197 6E       		.uleb128 0x6e
 1341 0198 0E       		.uleb128 0xe
 1342 0199 03       		.uleb128 0x3
 1343 019a 0E       		.uleb128 0xe
 1344 019b 00       		.byte	0
 1345 019c 00       		.byte	0
 1346 019d 20       		.uleb128 0x20
 1347 019e 2E       		.uleb128 0x2e
 1348 019f 00       		.byte	0
 1349 01a0 3F       		.uleb128 0x3f
 1350 01a1 19       		.uleb128 0x19
 1351 01a2 3C       		.uleb128 0x3c
 1352 01a3 19       		.uleb128 0x19
 1353 01a4 6E       		.uleb128 0x6e
 1354 01a5 0E       		.uleb128 0xe
ARM GAS  C:\Users\LOCALA~1\AppData\Local\Temp\ccP7klUj.s 			page 32


 1355 01a6 03       		.uleb128 0x3
 1356 01a7 0E       		.uleb128 0xe
 1357 01a8 3A       		.uleb128 0x3a
 1358 01a9 0B       		.uleb128 0xb
 1359 01aa 3B       		.uleb128 0x3b
 1360 01ab 0B       		.uleb128 0xb
 1361 01ac 00       		.byte	0
 1362 01ad 00       		.byte	0
 1363 01ae 00       		.byte	0
 1364              		.section	.debug_loc,"",%progbits
 1365              	.Ldebug_loc0:
 1366              	.LLST0:
 1367 0000 02000000 		.4byte	.LVL1
 1368 0004 08000000 		.4byte	.LVL2
 1369 0008 0200     		.2byte	0x2
 1370 000a 30       		.byte	0x30
 1371 000b 9F       		.byte	0x9f
 1372 000c 08000000 		.4byte	.LVL2
 1373 0010 30000000 		.4byte	.LVL11
 1374 0014 0100     		.2byte	0x1
 1375 0016 57       		.byte	0x57
 1376 0017 00000000 		.4byte	0
 1377 001b 00000000 		.4byte	0
 1378              	.LLST1:
 1379 001f 02000000 		.4byte	.LVL1
 1380 0023 08000000 		.4byte	.LVL2
 1381 0027 0200     		.2byte	0x2
 1382 0029 30       		.byte	0x30
 1383 002a 9F       		.byte	0x9f
 1384 002b 08000000 		.4byte	.LVL2
 1385 002f 30000000 		.4byte	.LVL10
 1386 0033 0100     		.2byte	0x1
 1387 0035 55       		.byte	0x55
 1388 0036 00000000 		.4byte	0
 1389 003a 00000000 		.4byte	0
 1390              	.LLST2:
 1391 003e 0C000000 		.4byte	.LVL3
 1392 0042 2C000000 		.4byte	.LVL9
 1393 0046 0100     		.2byte	0x1
 1394 0048 56       		.byte	0x56
 1395 0049 00000000 		.4byte	0
 1396 004d 00000000 		.4byte	0
 1397              	.LLST3:
 1398 0051 0E000000 		.4byte	.LVL4
 1399 0055 24000000 		.4byte	.LVL7
 1400 0059 0100     		.2byte	0x1
 1401 005b 53       		.byte	0x53
 1402 005c 26000000 		.4byte	.LVL8
 1403 0060 2C000000 		.4byte	.LVL9
 1404 0064 0100     		.2byte	0x1
 1405 0066 53       		.byte	0x53
 1406 0067 00000000 		.4byte	0
 1407 006b 00000000 		.4byte	0
 1408              	.LLST4:
 1409 006f 00000000 		.4byte	.LVL12
 1410 0073 09000000 		.4byte	.LVL14-1
 1411 0077 0100     		.2byte	0x1
ARM GAS  C:\Users\LOCALA~1\AppData\Local\Temp\ccP7klUj.s 			page 33


 1412 0079 50       		.byte	0x50
 1413 007a 09000000 		.4byte	.LVL14-1
 1414 007e 0C000000 		.4byte	.LFE1
 1415 0082 0400     		.2byte	0x4
 1416 0084 F3       		.byte	0xf3
 1417 0085 01       		.uleb128 0x1
 1418 0086 50       		.byte	0x50
 1419 0087 9F       		.byte	0x9f
 1420 0088 00000000 		.4byte	0
 1421 008c 00000000 		.4byte	0
 1422              	.LLST5:
 1423 0090 00000000 		.4byte	.LVL12
 1424 0094 06000000 		.4byte	.LVL13
 1425 0098 0100     		.2byte	0x1
 1426 009a 51       		.byte	0x51
 1427 009b 06000000 		.4byte	.LVL13
 1428 009f 09000000 		.4byte	.LVL14-1
 1429 00a3 0100     		.2byte	0x1
 1430 00a5 52       		.byte	0x52
 1431 00a6 09000000 		.4byte	.LVL14-1
 1432 00aa 0C000000 		.4byte	.LFE1
 1433 00ae 0400     		.2byte	0x4
 1434 00b0 F3       		.byte	0xf3
 1435 00b1 01       		.uleb128 0x1
 1436 00b2 51       		.byte	0x51
 1437 00b3 9F       		.byte	0x9f
 1438 00b4 00000000 		.4byte	0
 1439 00b8 00000000 		.4byte	0
 1440              	.LLST6:
 1441 00bc B0000000 		.4byte	.LVL18
 1442 00c0 B4000000 		.4byte	.LVL19
 1443 00c4 0200     		.2byte	0x2
 1444 00c6 30       		.byte	0x30
 1445 00c7 9F       		.byte	0x9f
 1446 00c8 B4000000 		.4byte	.LVL19
 1447 00cc D2000000 		.4byte	.LVL21
 1448 00d0 0100     		.2byte	0x1
 1449 00d2 54       		.byte	0x54
 1450 00d3 D4000000 		.4byte	.LVL22
 1451 00d7 4E010000 		.4byte	.LVL26
 1452 00db 0100     		.2byte	0x1
 1453 00dd 54       		.byte	0x54
 1454 00de 00000000 		.4byte	0
 1455 00e2 00000000 		.4byte	0
 1456              	.LLST7:
 1457 00e6 B4000000 		.4byte	.LVL19
 1458 00ea D2000000 		.4byte	.LVL21
 1459 00ee 0B00     		.2byte	0xb
 1460 00f0 74       		.byte	0x74
 1461 00f1 00       		.sleb128 0
 1462 00f2 36       		.byte	0x36
 1463 00f3 1E       		.byte	0x1e
 1464 00f4 03       		.byte	0x3
 1465 00f5 00000000 		.4byte	cfg_memset_list.4911
 1466 00f9 22       		.byte	0x22
 1467 00fa 9F       		.byte	0x9f
 1468 00fb D2000000 		.4byte	.LVL21
ARM GAS  C:\Users\LOCALA~1\AppData\Local\Temp\ccP7klUj.s 			page 34


 1469 00ff D4000000 		.4byte	.LVL22
 1470 0103 0B00     		.2byte	0xb
 1471 0105 74       		.byte	0x74
 1472 0106 7F       		.sleb128 -1
 1473 0107 36       		.byte	0x36
 1474 0108 1E       		.byte	0x1e
 1475 0109 03       		.byte	0x3
 1476 010a 00000000 		.4byte	cfg_memset_list.4911
 1477 010e 22       		.byte	0x22
 1478 010f 9F       		.byte	0x9f
 1479 0110 00000000 		.4byte	0
 1480 0114 00000000 		.4byte	0
 1481              		.section	.debug_aranges,"",%progbits
 1482 0000 3C000000 		.4byte	0x3c
 1483 0004 0200     		.2byte	0x2
 1484 0006 00000000 		.4byte	.Ldebug_info0
 1485 000a 04       		.byte	0x4
 1486 000b 00       		.byte	0
 1487 000c 0000     		.2byte	0
 1488 000e 0000     		.2byte	0
 1489 0010 00000000 		.4byte	.LFB4
 1490 0014 32000000 		.4byte	.LFE4-.LFB4
 1491 0018 00000000 		.4byte	.LFB6
 1492 001c 20000000 		.4byte	.LFE6-.LFB6
 1493 0020 00000000 		.4byte	.LFB1
 1494 0024 0C000000 		.4byte	.LFE1-.LFB1
 1495 0028 00000000 		.4byte	.LFB5
 1496 002c AC000000 		.4byte	.LFE5-.LFB5
 1497 0030 AC000000 		.4byte	.LFB7
 1498 0034 E0000000 		.4byte	.LFE7-.LFB7
 1499 0038 00000000 		.4byte	0
 1500 003c 00000000 		.4byte	0
 1501              		.section	.debug_ranges,"",%progbits
 1502              	.Ldebug_ranges0:
 1503 0000 00000000 		.4byte	.LFB4
 1504 0004 32000000 		.4byte	.LFE4
 1505 0008 00000000 		.4byte	.LFB6
 1506 000c 20000000 		.4byte	.LFE6
 1507 0010 00000000 		.4byte	.LFB1
 1508 0014 0C000000 		.4byte	.LFE1
 1509 0018 00000000 		.4byte	.LFB5
 1510 001c AC000000 		.4byte	.LFE5
 1511 0020 AC000000 		.4byte	.LFB7
 1512 0024 8C010000 		.4byte	.LFE7
 1513 0028 00000000 		.4byte	0
 1514 002c 00000000 		.4byte	0
 1515              		.section	.debug_line,"",%progbits
 1516              	.Ldebug_line0:
 1517 0000 77010000 		.section	.debug_str,"MS",%progbits,1
 1517      0200D600 
 1517      00000201 
 1517      FB0E0D00 
 1517      01010101 
 1518              	.LASF19:
 1519 0000 72656733 		.ascii	"reg32\000"
 1519      3200
 1520              	.LASF12:
ARM GAS  C:\Users\LOCALA~1\AppData\Local\Temp\ccP7klUj.s 			page 35


 1521 0006 73697A65 		.ascii	"size_t\000"
 1521      5F7400
 1522              	.LASF41:
 1523 000d 433A5C55 		.ascii	"C:\\Users\\LocalAdmin\\Documents\\PSoC Creator\\pwm"
 1523      73657273 
 1523      5C4C6F63 
 1523      616C4164 
 1523      6D696E5C 
 1524 003b 596F7574 		.ascii	"Youtube\\Design01.cydsn\000"
 1524      7562655C 
 1524      44657369 
 1524      676E3031 
 1524      2E637964 
 1525              	.LASF37:
 1526 0052 4379496E 		.ascii	"CyIntSetVector\000"
 1526      74536574 
 1526      56656374 
 1526      6F7200
 1527              	.LASF21:
 1528 0061 76616C75 		.ascii	"value\000"
 1528      6500
 1529              	.LASF26:
 1530 0067 636F756E 		.ascii	"count\000"
 1530      7400
 1531              	.LASF29:
 1532 006d 436C6F63 		.ascii	"ClockSetup\000"
 1532      6B536574 
 1532      757000
 1533              	.LASF30:
 1534 0078 63795F63 		.ascii	"cy_cfg_addr_table\000"
 1534      66675F61 
 1534      6464725F 
 1534      7461626C 
 1534      6500
 1535              	.LASF31:
 1536 008a 63795F63 		.ascii	"cy_cfg_data_table\000"
 1536      66675F64 
 1536      6174615F 
 1536      7461626C 
 1536      6500
 1537              	.LASF16:
 1538 009c 666C6F61 		.ascii	"float\000"
 1538      7400
 1539              	.LASF35:
 1540 00a2 6366675F 		.ascii	"cfg_memset_list\000"
 1540      6D656D73 
 1540      65745F6C 
 1540      69737400 
 1541              	.LASF33:
 1542 00b2 73697A65 		.ascii	"size\000"
 1542      00
 1543              	.LASF18:
 1544 00b7 72656738 		.ascii	"reg8\000"
 1544      00
 1545              	.LASF8:
 1546 00bc 6C6F6E67 		.ascii	"long unsigned int\000"
 1546      20756E73 
ARM GAS  C:\Users\LOCALA~1\AppData\Local\Temp\ccP7klUj.s 			page 36


 1546      69676E65 
 1546      6420696E 
 1546      7400
 1547              	.LASF13:
 1548 00ce 75696E74 		.ascii	"uint8\000"
 1548      3800
 1549              	.LASF28:
 1550 00d4 43594D45 		.ascii	"CYMEMZERO\000"
 1550      4D5A4552 
 1550      4F00
 1551              	.LASF4:
 1552 00de 756E7369 		.ascii	"unsigned char\000"
 1552      676E6564 
 1552      20636861 
 1552      7200
 1553              	.LASF44:
 1554 00ec 6D656D73 		.ascii	"memset\000"
 1554      657400
 1555              	.LASF17:
 1556 00f3 646F7562 		.ascii	"double\000"
 1556      6C6500
 1557              	.LASF27:
 1558 00fa 6366675F 		.ascii	"cfg_write_bytes32\000"
 1558      77726974 
 1558      655F6279 
 1558      74657333 
 1558      3200
 1559              	.LASF38:
 1560 010c 4379496E 		.ascii	"CyIntEnable\000"
 1560      74456E61 
 1560      626C6500 
 1561              	.LASF23:
 1562 0118 61646472 		.ascii	"addr_table\000"
 1562      5F746162 
 1562      6C6500
 1563              	.LASF14:
 1564 0123 75696E74 		.ascii	"uint16\000"
 1564      313600
 1565              	.LASF24:
 1566 012a 64617461 		.ascii	"data_table\000"
 1566      5F746162 
 1566      6C6500
 1567              	.LASF15:
 1568 0135 75696E74 		.ascii	"uint32\000"
 1568      333200
 1569              	.LASF0:
 1570 013c 756E7369 		.ascii	"unsigned int\000"
 1570      676E6564 
 1570      20696E74 
 1570      00
 1571              	.LASF42:
 1572 0149 416E616C 		.ascii	"AnalogSetDefault\000"
 1572      6F675365 
 1572      74446566 
 1572      61756C74 
 1572      00
 1573              	.LASF32:
ARM GAS  C:\Users\LOCALA~1\AppData\Local\Temp\ccP7klUj.s 			page 37


 1574 015a 61646472 		.ascii	"address\000"
 1574      65737300 
 1575              	.LASF9:
 1576 0162 6C6F6E67 		.ascii	"long long unsigned int\000"
 1576      206C6F6E 
 1576      6720756E 
 1576      7369676E 
 1576      65642069 
 1577              	.LASF39:
 1578 0179 474E5520 		.ascii	"GNU C11 5.4.1 20160609 (release) [ARM/embedded-5-br"
 1578      43313120 
 1578      352E342E 
 1578      31203230 
 1578      31363036 
 1579 01ac 616E6368 		.ascii	"anch revision 237715] -mcpu=cortex-m0 -mthumb -g -O"
 1579      20726576 
 1579      6973696F 
 1579      6E203233 
 1579      37373135 
 1580 01df 67202D66 		.ascii	"g -ffunction-sections -ffat-lto-objects\000"
 1580      66756E63 
 1580      74696F6E 
 1580      2D736563 
 1580      74696F6E 
 1581              	.LASF34:
 1582 0207 6366675F 		.ascii	"cfg_memset_t\000"
 1582      6D656D73 
 1582      65745F74 
 1582      00
 1583              	.LASF25:
 1584 0214 62617365 		.ascii	"baseAddr\000"
 1584      41646472 
 1584      00
 1585              	.LASF10:
 1586 021d 73697A65 		.ascii	"sizetype\000"
 1586      74797065 
 1586      00
 1587              	.LASF6:
 1588 0226 73686F72 		.ascii	"short unsigned int\000"
 1588      7420756E 
 1588      7369676E 
 1588      65642069 
 1588      6E7400
 1589              	.LASF1:
 1590 0239 6C6F6E67 		.ascii	"long long int\000"
 1590      206C6F6E 
 1590      6720696E 
 1590      7400
 1591              	.LASF11:
 1592 0247 63686172 		.ascii	"char\000"
 1592      00
 1593              	.LASF22:
 1594 024c 63795F63 		.ascii	"cy_cfg_addrvalue_t\000"
 1594      66675F61 
 1594      64647276 
 1594      616C7565 
 1594      5F7400
ARM GAS  C:\Users\LOCALA~1\AppData\Local\Temp\ccP7klUj.s 			page 38


 1595              	.LASF20:
 1596 025f 6F666673 		.ascii	"offset\000"
 1596      657400
 1597              	.LASF5:
 1598 0266 73686F72 		.ascii	"short int\000"
 1598      7420696E 
 1598      7400
 1599              	.LASF36:
 1600 0270 43795379 		.ascii	"CySysClkWriteImoFreq\000"
 1600      73436C6B 
 1600      57726974 
 1600      65496D6F 
 1600      46726571 
 1601              	.LASF43:
 1602 0285 63796669 		.ascii	"cyfitter_cfg\000"
 1602      74746572 
 1602      5F636667 
 1602      00
 1603              	.LASF7:
 1604 0292 6C6F6E67 		.ascii	"long int\000"
 1604      20696E74 
 1604      00
 1605              	.LASF2:
 1606 029b 6C6F6E67 		.ascii	"long double\000"
 1606      20646F75 
 1606      626C6500 
 1607              	.LASF3:
 1608 02a7 7369676E 		.ascii	"signed char\000"
 1608      65642063 
 1608      68617200 
 1609              	.LASF40:
 1610 02b3 47656E65 		.ascii	"Generated_Source\\PSoC4\\cyfitter_cfg.c\000"
 1610      72617465 
 1610      645F536F 
 1610      75726365 
 1610      5C50536F 
 1611              		.ident	"GCC: (GNU Tools for ARM Embedded Processors) 5.4.1 20160609 (release) [ARM/embedded-5-bran
